{"timestamp":"2026-04-18T04:17:19.721Z","event":"HTTP_REQUEST","data":{"method":"GET","url":"/views/widget.html","ip":"::1"}}
{"timestamp":"2026-04-18T04:17:19.807Z","event":"HTTP_REQUEST","data":{"method":"GET","url":"/core/core.js","ip":"::1"}}
{"timestamp":"2026-04-18T04:17:19.844Z","event":"HTTP_REQUEST","data":{"method":"GET","url":"/core/core.js","ip":"::1"}}
{"timestamp":"2026-04-18T04:17:19.886Z","event":"HTTP_REQUEST","data":{"method":"GET","url":"/api/bootstrap?brand=localhost","ip":"::1"}}
{"timestamp":"2026-04-18T04:17:20.546Z","event":"HTTP_REQUEST","data":{"method":"POST","url":"/pusher/auth","ip":"::1"}}
{"timestamp":"2026-04-18T04:17:20.547Z","event":"PUSHER_AUTH","data":{"channel":"private-user-123","socketId":"3143.3959709"}}
{"timestamp":"2026-04-18T04:19:27.791Z","event":"HTTP_REQUEST","data":{"method":"POST","url":"/api/nuevo-pedido","ip":"::1"}}
{"timestamp":"2026-04-18T04:19:27.819Z","event":"PEDIDO_NUEVO","data":{"userId":"123","nombre":"Luis","origen":"Ubicación actual (-32.8663, -68.8259)","destino":"Playa del Carmen, Quintana Roo, Mexico","id":"7791","timestamp":"1:19:27"}}
{"timestamp":"2026-04-18T04:19:50.059Z","event":"HTTP_REQUEST","data":{"method":"POST","url":"/api/cancelar-pedido","ip":"::1"}}
{"timestamp":"2026-04-18T04:19:50.059Z","event":"PEDIDO_CANCELADO","data":{"userId":"123"}}
{"timestamp":"2026-04-18T04:21:55.865Z","event":"HTTP_REQUEST","data":{"method":"GET","url":"/.well-known/appspecific/com.chrome.devtools.json","ip":"::1"}}
{"timestamp":"2026-04-18T04:22:09.278Z","event":"HTTP_REQUEST","data":{"method":"GET","url":"/views/widget.html","ip":"::1"}}
{"timestamp":"2026-04-18T04:22:09.423Z","event":"HTTP_REQUEST","data":{"method":"GET","url":"/.well-known/appspecific/com.chrome.devtools.json","ip":"::1"}}
{"timestamp":"2026-04-18T04:22:09.631Z","event":"HTTP_REQUEST","data":{"method":"GET","url":"/core/core.js","ip":"::1"}}
{"timestamp":"2026-04-18T04:22:09.778Z","event":"HTTP_REQUEST","data":{"method":"GET","url":"/core/core.js","ip":"::1"}}
{"timestamp":"2026-04-18T04:22:09.834Z","event":"HTTP_REQUEST","data":{"method":"GET","url":"/api/bootstrap?brand=taxichat","ip":"::1"}}
{"timestamp":"2026-04-18T04:22:11.044Z","event":"HTTP_REQUEST","data":{"method":"POST","url":"/pusher/auth","ip":"::1"}}
{"timestamp":"2026-04-18T04:22:11.045Z","event":"PUSHER_AUTH","data":{"channel":"private-user-123","socketId":"3145.3998272"}}
{"timestamp":"2026-04-18T04:24:49.969Z","event":"HTTP_REQUEST","data":{"method":"POST","url":"/api/nuevo-pedido","ip":"::1"}}
{"timestamp":"2026-04-18T04:24:49.970Z","event":"PEDIDO_NUEVO","data":{"userId":"123","nombre":"Luis","origen":"Ubicación actual (-32.8663, -68.8259)","destino":"Plaza Cobos, Jujuy, Mendoza, Mendoza Province, Argentina","id":"9970","timestamp":"1:24:49"}}
{"timestamp":"2026-04-18T04:27:11.498Z","event":"HTTP_REQUEST","data":{"method":"GET","url":"/views/widget.html","ip":"::1"}}
{"timestamp":"2026-04-18T04:27:11.619Z","event":"HTTP_REQUEST","data":{"method":"GET","url":"/.well-known/appspecific/com.chrome.devtools.json","ip":"::1"}}
{"timestamp":"2026-04-18T04:27:11.689Z","event":"HTTP_REQUEST","data":{"method":"GET","url":"/core/core.js","ip":"::1"}}
{"timestamp":"2026-04-18T04:27:11.772Z","event":"HTTP_REQUEST","data":{"method":"GET","url":"/core/core.js","ip":"::1"}}
{"timestamp":"2026-04-18T04:27:11.855Z","event":"HTTP_REQUEST","data":{"method":"GET","url":"/api/bootstrap?brand=taxichat","ip":"::1"}}
{"timestamp":"2026-04-18T04:27:13.709Z","event":"HTTP_REQUEST","data":{"method":"POST","url":"/pusher/auth","ip":"::1"}}
{"timestamp":"2026-04-18T04:27:13.709Z","event":"PUSHER_AUTH","data":{"channel":"private-user-123","socketId":"3149.4031104"}}
{"timestamp":"2026-04-18T04:27:28.519Z","event":"HTTP_REQUEST","data":{"method":"POST","url":"/api/nuevo-pedido","ip":"::1"}}
{"timestamp":"2026-04-18T04:27:28.519Z","event":"PEDIDO_NUEVO","data":{"userId":"123","nombre":"Luis","origen":"Ubicación actual (-32.8663, -68.8259)","destino":"Plaza Marcos Burgos, Las Heras, Mendoza Province, Argentina","id":"8519","timestamp":"1:27:28"}}
{"timestamp":"2026-04-18T04:30:06.093Z","event":"HTTP_REQUEST","data":{"method":"GET","url":"/views/widget.html","ip":"::1"}}
{"timestamp":"2026-04-18T04:30:06.180Z","event":"HTTP_REQUEST","data":{"method":"GET","url":"/.well-known/appspecific/com.chrome.devtools.json","ip":"::1"}}
{"timestamp":"2026-04-18T04:30:06.233Z","event":"HTTP_REQUEST","data":{"method":"GET","url":"/core/core.js","ip":"::1"}}
{"timestamp":"2026-04-18T04:30:06.251Z","event":"HTTP_REQUEST","data":{"method":"GET","url":"/core/core.js","ip":"::1"}}
{"timestamp":"2026-04-18T04:30:06.398Z","event":"HTTP_REQUEST","data":{"method":"GET","url":"/api/bootstrap?brand=taxichat","ip":"::1"}}
{"timestamp":"2026-04-18T04:30:07.084Z","event":"HTTP_REQUEST","data":{"method":"POST","url":"/pusher/auth","ip":"::1"}}
{"timestamp":"2026-04-18T04:30:07.084Z","event":"PUSHER_AUTH","data":{"channel":"private-user-123","socketId":"3147.3965649"}}
{"timestamp":"2026-04-18T04:30:56.129Z","event":"HTTP_REQUEST","data":{"method":"POST","url":"/api/nuevo-pedido","ip":"::1"}}
{"timestamp":"2026-04-18T04:30:56.129Z","event":"PEDIDO_NUEVO","data":{"userId":"123","nombre":"Luis","origen":"Ubicación Actual, Cobán, Guatemala","destino":"Plaza Independencia, General Espejo, AVJ, Mendoza Province, Argentina","id":"6129","timestamp":"1:30:56"}}
{"timestamp":"2026-04-18T04:31:00.597Z","event":"HTTP_REQUEST","data":{"method":"GET","url":"/views/widget.html","ip":"::1"}}
{"timestamp":"2026-04-18T04:31:00.748Z","event":"HTTP_REQUEST","data":{"method":"GET","url":"/.well-known/appspecific/com.chrome.devtools.json","ip":"::1"}}
{"timestamp":"2026-04-18T04:31:00.810Z","event":"HTTP_REQUEST","data":{"method":"GET","url":"/core/core.js","ip":"::1"}}
{"timestamp":"2026-04-18T04:31:00.877Z","event":"HTTP_REQUEST","data":{"method":"GET","url":"/core/core.js","ip":"::1"}}
{"timestamp":"2026-04-18T04:31:00.983Z","event":"HTTP_REQUEST","data":{"method":"GET","url":"/api/bootstrap?brand=taxichat","ip":"::1"}}
{"timestamp":"2026-04-18T04:31:02.065Z","event":"HTTP_REQUEST","data":{"method":"POST","url":"/pusher/auth","ip":"::1"}}
{"timestamp":"2026-04-18T04:31:02.066Z","event":"PUSHER_AUTH","data":{"channel":"private-user-123","socketId":"3153.486377"}}
{"timestamp":"2026-04-18T04:33:02.769Z","event":"HTTP_REQUEST","data":{"method":"GET","url":"/views/widget.html","ip":"::1"}}
{"timestamp":"2026-04-18T04:33:02.836Z","event":"HTTP_REQUEST","data":{"method":"GET","url":"/.well-known/appspecific/com.chrome.devtools.json","ip":"::1"}}
{"timestamp":"2026-04-18T04:33:02.981Z","event":"HTTP_REQUEST","data":{"method":"GET","url":"/core/core.js","ip":"::1"}}
{"timestamp":"2026-04-18T04:33:03.041Z","event":"HTTP_REQUEST","data":{"method":"GET","url":"/core/core.js","ip":"::1"}}
{"timestamp":"2026-04-18T04:33:03.157Z","event":"HTTP_REQUEST","data":{"method":"GET","url":"/api/bootstrap?brand=taxichat","ip":"::1"}}
{"timestamp":"2026-04-18T04:33:04.233Z","event":"HTTP_REQUEST","data":{"method":"POST","url":"/pusher/auth","ip":"::1"}}
{"timestamp":"2026-04-18T04:33:04.233Z","event":"PUSHER_AUTH","data":{"channel":"private-user-123","socketId":"3153.488051"}}
{"timestamp":"2026-04-18T04:33:24.120Z","event":"HTTP_REQUEST","data":{"method":"GET","url":"/views/widget.html","ip":"::1"}}
{"timestamp":"2026-04-18T04:33:24.188Z","event":"HTTP_REQUEST","data":{"method":"GET","url":"/.well-known/appspecific/com.chrome.devtools.json","ip":"::1"}}
{"timestamp":"2026-04-18T04:33:24.236Z","event":"HTTP_REQUEST","data":{"method":"GET","url":"/core/core.js","ip":"::1"}}
{"timestamp":"2026-04-18T04:33:24.251Z","event":"HTTP_REQUEST","data":{"method":"GET","url":"/core/core.js","ip":"::1"}}
{"timestamp":"2026-04-18T04:33:24.371Z","event":"HTTP_REQUEST","data":{"method":"GET","url":"/api/bootstrap?brand=taxichat","ip":"::1"}}
{"timestamp":"2026-04-18T04:33:25.028Z","event":"HTTP_REQUEST","data":{"method":"POST","url":"/pusher/auth","ip":"::1"}}
{"timestamp":"2026-04-18T04:33:25.029Z","event":"PUSHER_AUTH","data":{"channel":"private-user-123","socketId":"3149.4033396"}}
{"timestamp":"2026-04-18T04:35:35.342Z","event":"HTTP_REQUEST","data":{"method":"GET","url":"/views/widget.html","ip":"::1"}}
{"timestamp":"2026-04-18T04:35:35.412Z","event":"HTTP_REQUEST","data":{"method":"GET","url":"/.well-known/appspecific/com.chrome.devtools.json","ip":"::1"}}
{"timestamp":"2026-04-18T04:35:35.478Z","event":"HTTP_REQUEST","data":{"method":"GET","url":"/core/core.js","ip":"::1"}}
{"timestamp":"2026-04-18T04:35:35.520Z","event":"HTTP_REQUEST","data":{"method":"GET","url":"/core/core.js","ip":"::1"}}
{"timestamp":"2026-04-18T04:35:35.746Z","event":"HTTP_REQUEST","data":{"method":"GET","url":"/api/bootstrap?brand=taxichat","ip":"::1"}}
{"timestamp":"2026-04-18T04:35:38.635Z","event":"HTTP_REQUEST","data":{"method":"POST","url":"/pusher/auth","ip":"::1"}}
{"timestamp":"2026-04-18T04:35:38.635Z","event":"PUSHER_AUTH","data":{"channel":"private-user-123","socketId":"3153.490110"}}
{"timestamp":"2026-04-18T04:35:55.372Z","event":"HTTP_REQUEST","data":{"method":"GET","url":"/views/widget.html","ip":"::1"}}
{"timestamp":"2026-04-18T04:35:55.481Z","event":"HTTP_REQUEST","data":{"method":"GET","url":"/.well-known/appspecific/com.chrome.devtools.json","ip":"::1"}}
{"timestamp":"2026-04-18T04:35:55.505Z","event":"HTTP_REQUEST","data":{"method":"GET","url":"/core/core.js","ip":"::1"}}
{"timestamp":"2026-04-18T04:35:55.520Z","event":"HTTP_REQUEST","data":{"method":"GET","url":"/core/core.js","ip":"::1"}}
{"timestamp":"2026-04-18T04:35:55.651Z","event":"HTTP_REQUEST","data":{"method":"GET","url":"/api/bootstrap?brand=taxichat","ip":"::1"}}
{"timestamp":"2026-04-18T04:35:56.209Z","event":"HTTP_REQUEST","data":{"method":"POST","url":"/pusher/auth","ip":"::1"}}
{"timestamp":"2026-04-18T04:35:56.210Z","event":"PUSHER_AUTH","data":{"channel":"private-user-123","socketId":"3153.490334"}}
{"timestamp":"2026-04-18T04:38:48.017Z","event":"HTTP_REQUEST","data":{"method":"GET","url":"/views/widget.html","ip":"::1"}}
{"timestamp":"2026-04-18T04:38:48.107Z","event":"HTTP_REQUEST","data":{"method":"GET","url":"/.well-known/appspecific/com.chrome.devtools.json","ip":"::1"}}
{"timestamp":"2026-04-18T04:38:48.190Z","event":"HTTP_REQUEST","data":{"method":"GET","url":"/core/core.js","ip":"::1"}}
{"timestamp":"2026-04-18T04:38:48.231Z","event":"HTTP_REQUEST","data":{"method":"GET","url":"/core/core.js","ip":"::1"}}
{"timestamp":"2026-04-18T04:38:48.378Z","event":"HTTP_REQUEST","data":{"method":"GET","url":"/api/bootstrap?brand=taxichat","ip":"::1"}}
{"timestamp":"2026-04-18T04:38:49.036Z","event":"HTTP_REQUEST","data":{"method":"POST","url":"/pusher/auth","ip":"::1"}}
{"timestamp":"2026-04-18T04:38:49.037Z","event":"PUSHER_AUTH","data":{"channel":"private-user-123","socketId":"3153.492365"}}
{"timestamp":"2026-04-18T04:39:04.143Z","event":"HTTP_REQUEST","data":{"method":"GET","url":"/views/widget.html","ip":"::1"}}
{"timestamp":"2026-04-18T04:39:04.194Z","event":"HTTP_REQUEST","data":{"method":"GET","url":"/.well-known/appspecific/com.chrome.devtools.json","ip":"::1"}}
{"timestamp":"2026-04-18T04:39:04.245Z","event":"HTTP_REQUEST","data":{"method":"GET","url":"/core/core.js","ip":"::1"}}
{"timestamp":"2026-04-18T04:39:04.297Z","event":"HTTP_REQUEST","data":{"method":"GET","url":"/core/core.js","ip":"::1"}}
{"timestamp":"2026-04-18T04:39:04.376Z","event":"HTTP_REQUEST","data":{"method":"GET","url":"/api/bootstrap?brand=localhost","ip":"::1"}}
{"timestamp":"2026-04-18T04:39:05.365Z","event":"HTTP_REQUEST","data":{"method":"POST","url":"/pusher/auth","ip":"::1"}}
{"timestamp":"2026-04-18T04:39:05.366Z","event":"PUSHER_AUTH","data":{"channel":"private-user-123","socketId":"3153.492545"}}
{"timestamp":"2026-04-18T04:45:45.474Z","event":"HTTP_REQUEST","data":{"method":"GET","url":"/views/widget.html","ip":"::1"}}
{"timestamp":"2026-04-18T04:45:45.567Z","event":"HTTP_REQUEST","data":{"method":"GET","url":"/.well-known/appspecific/com.chrome.devtools.json","ip":"::1"}}
{"timestamp":"2026-04-18T04:45:45.582Z","event":"HTTP_REQUEST","data":{"method":"GET","url":"/core/core.js","ip":"::1"}}
{"timestamp":"2026-04-18T04:45:45.622Z","event":"HTTP_REQUEST","data":{"method":"GET","url":"/core/core.js","ip":"::1"}}
{"timestamp":"2026-04-18T04:45:45.701Z","event":"HTTP_REQUEST","data":{"method":"GET","url":"/api/bootstrap?brand=localhost","ip":"::1"}}
{"timestamp":"2026-04-18T04:45:47.555Z","event":"HTTP_REQUEST","data":{"method":"POST","url":"/pusher/auth","ip":"::1"}}
{"timestamp":"2026-04-18T04:45:47.556Z","event":"PUSHER_AUTH","data":{"channel":"private-user-uxyjndw3","socketId":"3142.3918400"}}
{"timestamp":"2026-04-18T05:59:23.996Z","event":"HTTP_REQUEST","data":{"method":"GET","url":"/views/widget.html","ip":"::1"}}
{"timestamp":"2026-04-18T05:59:24.064Z","event":"HTTP_REQUEST","data":{"method":"GET","url":"/.well-known/appspecific/com.chrome.devtools.json","ip":"::1"}}
{"timestamp":"2026-04-18T05:59:24.110Z","event":"HTTP_REQUEST","data":{"method":"GET","url":"/core/core.js","ip":"::1"}}
{"timestamp":"2026-04-18T05:59:24.138Z","event":"HTTP_REQUEST","data":{"method":"GET","url":"/core/core.js","ip":"::1"}}
{"timestamp":"2026-04-18T05:59:24.323Z","event":"HTTP_REQUEST","data":{"method":"GET","url":"/api/bootstrap?brand=localhost","ip":"::1"}}
{"timestamp":"2026-04-18T05:59:25.127Z","event":"HTTP_REQUEST","data":{"method":"GET","url":"/favicon.ico","ip":"::1"}}
{"timestamp":"2026-04-18T06:08:37.534Z","event":"HTTP_REQUEST","data":{"method":"GET","url":"/views/widget.html","ip":"::1"}}
{"timestamp":"2026-04-18T06:08:37.956Z","event":"HTTP_REQUEST","data":{"method":"GET","url":"/.well-known/appspecific/com.chrome.devtools.json","ip":"::1"}}
{"timestamp":"2026-04-18T06:08:38.232Z","event":"HTTP_REQUEST","data":{"method":"GET","url":"/core/core.js","ip":"::1"}}
{"timestamp":"2026-04-18T06:08:39.574Z","event":"HTTP_REQUEST","data":{"method":"GET","url":"/core/core.js","ip":"::1"}}
{"timestamp":"2026-04-18T06:08:43.179Z","event":"HTTP_REQUEST","data":{"method":"GET","url":"/api/bootstrap?brand=localhost","ip":"::1"}}
{"timestamp":"2026-04-18T06:11:00.053Z","event":"HTTP_REQUEST","data":{"method":"GET","url":"/views/widget.html","ip":"::1"}}
{"timestamp":"2026-04-18T06:11:00.145Z","event":"HTTP_REQUEST","data":{"method":"GET","url":"/.well-known/appspecific/com.chrome.devtools.json","ip":"::1"}}
{"timestamp":"2026-04-18T06:11:00.185Z","event":"HTTP_REQUEST","data":{"method":"GET","url":"/core/core.js","ip":"::1"}}
{"timestamp":"2026-04-18T06:11:00.213Z","event":"HTTP_REQUEST","data":{"method":"GET","url":"/core/core.js","ip":"::1"}}
{"timestamp":"2026-04-18T06:11:00.364Z","event":"HTTP_REQUEST","data":{"method":"GET","url":"/api/bootstrap?brand=localhost","ip":"::1"}}
{"timestamp":"2026-04-18T06:11:02.972Z","event":"HTTP_REQUEST","data":{"method":"POST","url":"/pusher/auth","ip":"::1"}}
{"timestamp":"2026-04-18T06:11:02.972Z","event":"PUSHER_AUTH","data":{"channel":"private-user-uxyjndw3","socketId":"3142.3947610"}}
{"timestamp":"2026-04-18T09:58:36.344Z","event":"HTTP_REQUEST","data":{"method":"GET","url":"/views/widget.html","ip":"::1"}}
{"timestamp":"2026-04-18T09:58:37.238Z","event":"HTTP_REQUEST","data":{"method":"GET","url":"/favicon.ico","ip":"::1"}}
{"timestamp":"2026-04-18T09:58:44.702Z","event":"HTTP_REQUEST","data":{"method":"GET","url":"/.well-known/appspecific/com.chrome.devtools.json","ip":"::1"}}
{"timestamp":"2026-04-18T10:01:00.548Z","event":"HTTP_REQUEST","data":{"method":"GET","url":"/","ip":"::1"}}
{"timestamp":"2026-04-18T10:01:00.625Z","event":"HTTP_REQUEST","data":{"method":"GET","url":"/.well-known/appspecific/com.chrome.devtools.json","ip":"::1"}}
{"timestamp":"2026-04-18T10:01:00.763Z","event":"HTTP_REQUEST","data":{"method":"GET","url":"/views/widget.html","ip":"::1"}}
{"timestamp":"2026-04-18T10:01:00.941Z","event":"HTTP_REQUEST","data":{"method":"GET","url":"/core/core.js","ip":"::1"}}
{"timestamp":"2026-04-18T10:01:01.459Z","event":"HTTP_REQUEST","data":{"method":"GET","url":"/core/core.js","ip":"::1"}}
{"timestamp":"2026-04-18T10:01:01.545Z","event":"HTTP_REQUEST","data":{"method":"GET","url":"/api/bootstrap?brand=localhost","ip":"::1"}}
{"timestamp":"2026-04-18T10:02:24.353Z","event":"HTTP_REQUEST","data":{"method":"GET","url":"/","ip":"::1"}}
{"timestamp":"2026-04-18T10:02:24.506Z","event":"HTTP_REQUEST","data":{"method":"GET","url":"/views/widget.html","ip":"::1"}}
{"timestamp":"2026-04-18T10:02:24.998Z","event":"HTTP_REQUEST","data":{"method":"GET","url":"/core/core.js","ip":"::1"}}
{"timestamp":"2026-04-18T10:02:25.078Z","event":"HTTP_REQUEST","data":{"method":"GET","url":"/api/bootstrap?brand=taxichat","ip":"::1"}}
{"timestamp":"2026-04-18T10:02:25.184Z","event":"HTTP_REQUEST","data":{"method":"GET","url":"/core/core.js","ip":"::1"}}
{"timestamp":"2026-04-18T10:02:34.738Z","event":"HTTP_REQUEST","data":{"method":"GET","url":"/views/widget.html","ip":"::1"}}
{"timestamp":"2026-04-18T10:02:34.790Z","event":"HTTP_REQUEST","data":{"method":"GET","url":"/core/core.js","ip":"::1"}}
{"timestamp":"2026-04-18T10:02:34.813Z","event":"HTTP_REQUEST","data":{"method":"GET","url":"/core/core.js","ip":"::1"}}
{"timestamp":"2026-04-18T10:02:34.814Z","event":"HTTP_REQUEST","data":{"method":"GET","url":"/api/bootstrap?brand=taxichat","ip":"::1"}}
{"timestamp":"2026-04-18T10:02:39.176Z","event":"HTTP_REQUEST","data":{"method":"GET","url":"/.well-known/appspecific/com.chrome.devtools.json","ip":"::1"}}
{"timestamp":"2026-04-18T10:02:57.553Z","event":"HTTP_REQUEST","data":{"method":"GET","url":"/views/widget.html","ip":"::1"}}
{"timestamp":"2026-04-18T10:02:57.626Z","event":"HTTP_REQUEST","data":{"method":"GET","url":"/core/core.js","ip":"::1"}}
{"timestamp":"2026-04-18T10:02:57.636Z","event":"HTTP_REQUEST","data":{"method":"GET","url":"/.well-known/appspecific/com.chrome.devtools.json","ip":"::1"}}
{"timestamp":"2026-04-18T10:02:57.647Z","event":"HTTP_REQUEST","data":{"method":"GET","url":"/core/core.js","ip":"::1"}}
{"timestamp":"2026-04-18T10:02:57.727Z","event":"HTTP_REQUEST","data":{"method":"GET","url":"/api/bootstrap?brand=taxichat","ip":"::1"}}
{"timestamp":"2026-04-18T10:06:02.106Z","event":"HTTP_REQUEST","data":{"method":"GET","url":"/views/widget.html","ip":"::1"}}
{"timestamp":"2026-04-18T10:06:02.190Z","event":"HTTP_REQUEST","data":{"method":"GET","url":"/.well-known/appspecific/com.chrome.devtools.json","ip":"::1"}}
{"timestamp":"2026-04-18T10:06:02.221Z","event":"HTTP_REQUEST","data":{"method":"GET","url":"/core/core.js","ip":"::1"}}
{"timestamp":"2026-04-18T10:06:02.263Z","event":"HTTP_REQUEST","data":{"method":"GET","url":"/core/core.js","ip":"::1"}}
{"timestamp":"2026-04-18T10:06:02.373Z","event":"HTTP_REQUEST","data":{"method":"GET","url":"/api/bootstrap?brand=taxichat","ip":"::1"}}
{"timestamp":"2026-04-18T10:06:03.038Z","event":"HTTP_REQUEST","data":{"method":"POST","url":"/pusher/auth","ip":"::1"}}
{"timestamp":"2026-04-18T10:06:03.042Z","event":"PUSHER_AUTH","data":{"channel":"private-user-uxyjndw3","socketId":"3149.4156791"}}
{"timestamp":"2026-04-18T10:06:30.707Z","event":"HTTP_REQUEST","data":{"method":"GET","url":"/views/dasboard.html","ip":"::1"}}
{"timestamp":"2026-04-18T10:06:42.957Z","event":"HTTP_REQUEST","data":{"method":"GET","url":"/views/dashboard.html","ip":"::1"}}
{"timestamp":"2026-04-18T10:06:59.579Z","event":"HTTP_REQUEST","data":{"method":"POST","url":"/api/nuevo-pedido","ip":"::1"}}
{"timestamp":"2026-04-18T10:06:59.605Z","event":"PEDIDO_NUEVO","data":{"userId":"uxyjndw3","nombre":"Luis","origen":"Ubicación actual (-32.8663, -68.8259)","destino":"Espacio Verde Luis Menotti Pescarmona, Balcarce, Godoy Cruz, Mendoza Province, Argentina","id":"9579","timestamp":"7:06:59"}}
{"timestamp":"2026-04-18T10:07:04.391Z","event":"HTTP_REQUEST","data":{"method":"GET","url":"/views/dashboard.html","ip":"::1"}}
{"timestamp":"2026-04-18T10:09:52.110Z","event":"HTTP_REQUEST","data":{"method":"GET","url":"/views/dashboard.html","ip":"::1"}}
{"timestamp":"2026-04-18T10:09:54.889Z","event":"HTTP_REQUEST","data":{"method":"GET","url":"/views/widget.html","ip":"::1"}}
{"timestamp":"2026-04-18T10:09:54.952Z","event":"HTTP_REQUEST","data":{"method":"GET","url":"/.well-known/appspecific/com.chrome.devtools.json","ip":"::1"}}
{"timestamp":"2026-04-18T10:09:54.961Z","event":"HTTP_REQUEST","data":{"method":"GET","url":"/core/core.js","ip":"::1"}}
{"timestamp":"2026-04-18T10:09:54.974Z","event":"HTTP_REQUEST","data":{"method":"GET","url":"/core/core.js","ip":"::1"}}
{"timestamp":"2026-04-18T10:09:55.069Z","event":"HTTP_REQUEST","data":{"method":"GET","url":"/api/bootstrap?brand=taxichat","ip":"::1"}}
{"timestamp":"2026-04-18T10:09:56.782Z","event":"HTTP_REQUEST","data":{"method":"POST","url":"/pusher/auth","ip":"::1"}}
{"timestamp":"2026-04-18T10:09:56.782Z","event":"PUSHER_AUTH","data":{"channel":"private-user-uxyjndw3","socketId":"3153.649831"}}
{"timestamp":"2026-04-18T10:10:08.141Z","event":"HTTP_REQUEST","data":{"method":"GET","url":"/views/dashboard.html","ip":"::1"}}
{"timestamp":"2026-04-18T10:10:10.719Z","event":"HTTP_REQUEST","data":{"method":"POST","url":"/api/nuevo-pedido","ip":"::1"}}
{"timestamp":"2026-04-18T10:10:10.720Z","event":"PEDIDO_NUEVO","data":{"userId":"uxyjndw3","nombre":"Luis","origen":"Ubicación actual (-32.8663, -68.8259)","destino":"El Challao, Mendoza Province, Argentina","id":"0720","timestamp":"7:10:10"}}
{"timestamp":"2026-04-18T10:10:14.270Z","event":"HTTP_REQUEST","data":{"method":"GET","url":"/views/dashboard.html","ip":"::1"}}
{"timestamp":"2026-04-18T10:11:41.361Z","event":"HTTP_REQUEST","data":{"method":"GET","url":"/api/bootstrap?brand=taxichat","ip":"::1"}}
{"timestamp":"2026-04-18T10:12:17.706Z","event":"HTTP_REQUEST","data":{"method":"GET","url":"/","ip":"::1"}}
{"timestamp":"2026-04-18T10:12:17.837Z","event":"HTTP_REQUEST","data":{"method":"GET","url":"/views/widget.html","ip":"::1"}}
{"timestamp":"2026-04-18T10:12:17.956Z","event":"HTTP_REQUEST","data":{"method":"GET","url":"/core/core.js","ip":"::1"}}
{"timestamp":"2026-04-18T10:12:18.610Z","event":"HTTP_REQUEST","data":{"method":"GET","url":"/core/core.js","ip":"::1"}}
{"timestamp":"2026-04-18T10:12:18.638Z","event":"HTTP_REQUEST","data":{"method":"GET","url":"/api/bootstrap?brand=taxichat","ip":"::1"}}
{"timestamp":"2026-04-18T10:12:18.973Z","event":"HTTP_REQUEST","data":{"method":"GET","url":"/favicon.ico","ip":"::1"}}
{"timestamp":"2026-04-18T10:12:19.285Z","event":"HTTP_REQUEST","data":{"method":"POST","url":"/pusher/auth","ip":"::1"}}
{"timestamp":"2026-04-18T10:12:19.286Z","event":"PUSHER_AUTH","data":{"channel":"private-user-ulaoujin","socketId":"3143.4086937"}}
{"timestamp":"2026-04-18T10:12:42.082Z","event":"HTTP_REQUEST","data":{"method":"GET","url":"/dashboard.html","ip":"::1"}}
{"timestamp":"2026-04-18T10:12:51.335Z","event":"HTTP_REQUEST","data":{"method":"GET","url":"/views/dashboard.html","ip":"::1"}}
{"timestamp":"2026-04-18T10:13:02.680Z","event":"HTTP_REQUEST","data":{"method":"POST","url":"/api/nuevo-pedido","ip":"::1"}}
{"timestamp":"2026-04-18T10:13:02.680Z","event":"PEDIDO_NUEVO","data":{"userId":"ulaoujin","nombre":"Luis","origen":"Ubicación actual (-32.8663, -68.8259)","destino":"Espacio Verde Luis Menotti Pescarmona, Balcarce, Godoy Cruz, Mendoza Province, Argentina","id":"2680","timestamp":"7:13:02"}}
{"timestamp":"2026-04-18T10:13:09.039Z","event":"HTTP_REQUEST","data":{"method":"GET","url":"/views/dashboard.html","ip":"::1"}}
{"timestamp":"2026-04-18T10:13:29.771Z","event":"HTTP_REQUEST","data":{"method":"GET","url":"/views/widget.html","ip":"::1"}}
{"timestamp":"2026-04-18T10:13:29.931Z","event":"HTTP_REQUEST","data":{"method":"GET","url":"/core/core.js","ip":"::1"}}
{"timestamp":"2026-04-18T10:13:30.054Z","event":"HTTP_REQUEST","data":{"method":"GET","url":"/api/bootstrap?brand=taxichat","ip":"::1"}}
{"timestamp":"2026-04-18T10:13:30.059Z","event":"HTTP_REQUEST","data":{"method":"GET","url":"/core/core.js","ip":"::1"}}
{"timestamp":"2026-04-18T10:13:30.805Z","event":"HTTP_REQUEST","data":{"method":"POST","url":"/pusher/auth","ip":"::1"}}
{"timestamp":"2026-04-18T10:13:30.806Z","event":"PUSHER_AUTH","data":{"channel":"private-user-uxyjndw3","socketId":"3149.4160049"}}
{"timestamp":"2026-04-18T10:13:46.572Z","event":"HTTP_REQUEST","data":{"method":"GET","url":"/views/dashboard.html","ip":"::1"}}
{"timestamp":"2026-04-18T10:13:54.470Z","event":"HTTP_REQUEST","data":{"method":"POST","url":"/api/nuevo-pedido","ip":"::1"}}
{"timestamp":"2026-04-18T10:13:54.470Z","event":"PEDIDO_NUEVO","data":{"userId":"uxyjndw3","nombre":"Luis","origen":"Ubicación actual (-32.8663, -68.8259)","destino":"Espacio Verde Luis Menotti Pescarmona, Balcarce, Godoy Cruz, Mendoza Province, Argentina","id":"4470","timestamp":"7:13:54"}}
{"timestamp":"2026-04-18T10:13:57.571Z","event":"HTTP_REQUEST","data":{"method":"GET","url":"/views/dashboard.html","ip":"::1"}}
{"timestamp":"2026-04-18T10:14:04.355Z","event":"HTTP_REQUEST","data":{"method":"GET","url":"/views/dashboard.html","ip":"::1"}}
{"timestamp":"2026-04-18T10:14:19.459Z","event":"HTTP_REQUEST","data":{"method":"GET","url":"/views/success.html","ip":"::1"}}
{"timestamp":"2026-04-18T10:14:19.532Z","event":"HTTP_REQUEST","data":{"method":"GET","url":"/core/core.js","ip":"::1"}}
{"timestamp":"2026-04-18T10:14:19.580Z","event":"HTTP_REQUEST","data":{"method":"GET","url":"/api/bootstrap?brand=taxichat","ip":"::1"}}
{"timestamp":"2026-04-18T10:14:19.582Z","event":"HTTP_REQUEST","data":{"method":"GET","url":"/core/core.js","ip":"::1"}}
{"timestamp":"2026-04-18T10:14:21.307Z","event":"HTTP_REQUEST","data":{"method":"GET","url":"/","ip":"::1"}}
{"timestamp":"2026-04-18T10:14:21.378Z","event":"HTTP_REQUEST","data":{"method":"GET","url":"/views/widget.html","ip":"::1"}}
{"timestamp":"2026-04-18T10:14:21.564Z","event":"HTTP_REQUEST","data":{"method":"GET","url":"/core/core.js","ip":"::1"}}
{"timestamp":"2026-04-18T10:14:21.615Z","event":"HTTP_REQUEST","data":{"method":"GET","url":"/core/core.js","ip":"::1"}}
{"timestamp":"2026-04-18T10:14:21.704Z","event":"HTTP_REQUEST","data":{"method":"GET","url":"/api/bootstrap?brand=taxichat","ip":"::1"}}
{"timestamp":"2026-04-18T10:14:21.909Z","event":"HTTP_REQUEST","data":{"method":"POST","url":"/pusher/auth","ip":"::1"}}
{"timestamp":"2026-04-18T10:14:21.909Z","event":"PUSHER_AUTH","data":{"channel":"private-user-uxyjndw3","socketId":"3143.4087772"}}
{"timestamp":"2026-04-18T10:14:55.699Z","event":"HTTP_REQUEST","data":{"method":"POST","url":"/api/cancelar-pedido","ip":"::1"}}
{"timestamp":"2026-04-18T10:14:55.700Z","event":"PEDIDO_CANCELADO","data":{"userId":"uxyjndw3"}}
{"timestamp":"2026-04-18T10:15:04.244Z","event":"HTTP_REQUEST","data":{"method":"GET","url":"/views/widget.html","ip":"::1"}}
{"timestamp":"2026-04-18T10:15:04.300Z","event":"HTTP_REQUEST","data":{"method":"GET","url":"/core/core.js","ip":"::1"}}
{"timestamp":"2026-04-18T10:15:04.331Z","event":"HTTP_REQUEST","data":{"method":"GET","url":"/core/core.js","ip":"::1"}}
{"timestamp":"2026-04-18T10:15:04.332Z","event":"HTTP_REQUEST","data":{"method":"GET","url":"/api/bootstrap?brand=taxichat","ip":"::1"}}
{"timestamp":"2026-04-18T10:15:04.690Z","event":"HTTP_REQUEST","data":{"method":"POST","url":"/pusher/auth","ip":"::1"}}
{"timestamp":"2026-04-18T10:15:04.690Z","event":"PUSHER_AUTH","data":{"channel":"private-user-uxyjndw3","socketId":"3153.652197"}}
{"timestamp":"2026-04-18T10:15:45.892Z","event":"HTTP_REQUEST","data":{"method":"GET","url":"/views/widget.html","ip":"::1"}}
{"timestamp":"2026-04-18T10:15:45.947Z","event":"HTTP_REQUEST","data":{"method":"GET","url":"/core/core.js","ip":"::1"}}
{"timestamp":"2026-04-18T10:15:45.979Z","event":"HTTP_REQUEST","data":{"method":"GET","url":"/core/core.js","ip":"::1"}}
{"timestamp":"2026-04-18T10:15:45.983Z","event":"HTTP_REQUEST","data":{"method":"GET","url":"/api/bootstrap?brand=taxichat","ip":"::1"}}
{"timestamp":"2026-04-18T10:15:46.306Z","event":"HTTP_REQUEST","data":{"method":"POST","url":"/pusher/auth","ip":"::1"}}
{"timestamp":"2026-04-18T10:15:46.306Z","event":"PUSHER_AUTH","data":{"channel":"private-user-uxyjndw3","socketId":"3149.4161086"}}
{"timestamp":"2026-04-18T10:15:56.877Z","event":"HTTP_REQUEST","data":{"method":"POST","url":"/api/nuevo-pedido","ip":"::1"}}
{"timestamp":"2026-04-18T10:15:56.878Z","event":"PEDIDO_NUEVO","data":{"userId":"uxyjndw3","nombre":"test123","origen":"Ubicación actual (-32.8663, -68.8259)","destino":"San José, Mendoza Province, Argentina","id":"6878","timestamp":"7:15:56"}}
{"timestamp":"2026-04-18T10:16:01.187Z","event":"HTTP_REQUEST","data":{"method":"GET","url":"/views/dashboard.html","ip":"::1"}}
{"timestamp":"2026-04-18T10:16:45.038Z","event":"HTTP_REQUEST","data":{"method":"GET","url":"/","ip":"::1"}}
{"timestamp":"2026-04-18T10:16:45.193Z","event":"HTTP_REQUEST","data":{"method":"GET","url":"/views/widget.html","ip":"::1"}}
{"timestamp":"2026-04-18T10:16:45.952Z","event":"HTTP_REQUEST","data":{"method":"GET","url":"/core/core.js","ip":"::1"}}
{"timestamp":"2026-04-18T10:16:46.173Z","event":"HTTP_REQUEST","data":{"method":"GET","url":"/api/bootstrap?brand=taxichat","ip":"::1"}}
{"timestamp":"2026-04-18T10:16:46.310Z","event":"HTTP_REQUEST","data":{"method":"GET","url":"/core/core.js","ip":"::1"}}
{"timestamp":"2026-04-18T10:16:49.940Z","event":"HTTP_REQUEST","data":{"method":"POST","url":"/pusher/auth","ip":"::1"}}
{"timestamp":"2026-04-18T10:16:49.940Z","event":"PUSHER_AUTH","data":{"channel":"private-user-uxyjndw3","socketId":"3153.653002"}}
{"timestamp":"2026-04-18T10:18:14.785Z","event":"HTTP_REQUEST","data":{"method":"GET","url":"/views/widget.html","ip":"::1"}}
{"timestamp":"2026-04-18T10:18:14.879Z","event":"HTTP_REQUEST","data":{"method":"GET","url":"/core/core.js","ip":"::1"}}
{"timestamp":"2026-04-18T10:18:14.913Z","event":"HTTP_REQUEST","data":{"method":"GET","url":"/core/core.js","ip":"::1"}}
{"timestamp":"2026-04-18T10:18:14.939Z","event":"HTTP_REQUEST","data":{"method":"GET","url":"/api/bootstrap?brand=taxichat","ip":"::1"}}
{"timestamp":"2026-04-18T10:18:16.284Z","event":"HTTP_REQUEST","data":{"method":"POST","url":"/pusher/auth","ip":"::1"}}
{"timestamp":"2026-04-18T10:18:16.284Z","event":"PUSHER_AUTH","data":{"channel":"private-user-uxyjndw3","socketId":"3145.4131135"}}
{"timestamp":"2026-04-18T10:18:21.405Z","event":"HTTP_REQUEST","data":{"method":"POST","url":"/api/nuevo-pedido","ip":"::1"}}
{"timestamp":"2026-04-18T10:18:21.405Z","event":"PEDIDO_NUEVO","data":{"userId":"uxyjndw3","nombre":"Luis","origen":"Ubicación actual (-32.8663, -68.8259)","destino":"El Challao, Mendoza Province, Argentina","id":"1405","timestamp":"7:18:21"}}
{"timestamp":"2026-04-18T10:18:24.068Z","event":"HTTP_REQUEST","data":{"method":"GET","url":"/views/dashboard.html","ip":"::1"}}
{"timestamp":"2026-04-18T10:19:47.946Z","event":"HTTP_REQUEST","data":{"method":"GET","url":"/views/widget.html","ip":"::1"}}
{"timestamp":"2026-04-18T10:19:48.063Z","event":"HTTP_REQUEST","data":{"method":"GET","url":"/core/core.js","ip":"::1"}}
{"timestamp":"2026-04-18T10:19:48.135Z","event":"HTTP_REQUEST","data":{"method":"GET","url":"/api/bootstrap?brand=taxichat","ip":"::1"}}
{"timestamp":"2026-04-18T10:19:48.256Z","event":"HTTP_REQUEST","data":{"method":"GET","url":"/core/core.js","ip":"::1"}}
{"timestamp":"2026-04-18T10:19:48.514Z","event":"HTTP_REQUEST","data":{"method":"POST","url":"/pusher/auth","ip":"::1"}}
{"timestamp":"2026-04-18T10:19:48.515Z","event":"PUSHER_AUTH","data":{"channel":"private-user-uxyjndw3","socketId":"3143.4090267"}}
{"timestamp":"2026-04-18T10:20:09.898Z","event":"HTTP_REQUEST","data":{"method":"GET","url":"/views/dashboard.html","ip":"::1"}}
{"timestamp":"2026-04-18T10:21:25.418Z","event":"HTTP_REQUEST","data":{"method":"GET","url":"/views/dashboard.html","ip":"::1"}}
{"timestamp":"2026-04-18T10:36:26.119Z","event":"HTTP_REQUEST","data":{"method":"GET","url":"/","ip":"::1"}}
{"timestamp":"2026-04-18T10:38:10.814Z","event":"HTTP_REQUEST","data":{"method":"GET","url":"/","ip":"::1"}}
{"timestamp":"2026-04-18T10:55:53.529Z","event":"HTTP_REQUEST","data":{"method":"GET","url":"/","ip":"::1"}}
{"timestamp":"2026-04-18T10:56:14.382Z","event":"HTTP_REQUEST","data":{"method":"GET","url":"/views/widget.html","ip":"::1"}}
{"timestamp":"2026-04-18T10:56:14.438Z","event":"HTTP_REQUEST","data":{"method":"GET","url":"/core/core.js","ip":"::1"}}
{"timestamp":"2026-04-18T10:56:14.456Z","event":"HTTP_REQUEST","data":{"method":"GET","url":"/core/core.js","ip":"::1"}}
{"timestamp":"2026-04-18T10:56:14.470Z","event":"HTTP_REQUEST","data":{"method":"GET","url":"/api/bootstrap?brand=taxichat","ip":"::1"}}
{"timestamp":"2026-04-18T10:56:14.881Z","event":"HTTP_REQUEST","data":{"method":"POST","url":"/pusher/auth","ip":"::1"}}
{"timestamp":"2026-04-18T10:56:14.887Z","event":"PUSHER_AUTH","data":{"channel":"private-user-uxyjndw3","socketId":"3149.4178970"}}
{"timestamp":"2026-04-18T10:56:19.091Z","event":"HTTP_REQUEST","data":{"method":"POST","url":"/api/nuevo-pedido","ip":"::1"}}
{"timestamp":"2026-04-18T10:56:19.117Z","event":"PEDIDO_NUEVO","data":{"userId":"uxyjndw3","brand":"taxichat","nombre":"Luis","origen":"Ubicación actual (-32.8663, -68.8259)","destino":"El Challao, Mendoza Province, Argentina","id":"9091","timestamp":"7:56:19"}}
{"timestamp":"2026-04-18T10:56:23.901Z","event":"HTTP_REQUEST","data":{"method":"GET","url":"/views/widget.html","ip":"::1"}}
{"timestamp":"2026-04-18T10:56:23.940Z","event":"HTTP_REQUEST","data":{"method":"GET","url":"/core/core.js","ip":"::1"}}
{"timestamp":"2026-04-18T10:56:23.950Z","event":"HTTP_REQUEST","data":{"method":"GET","url":"/core/core.js","ip":"::1"}}
{"timestamp":"2026-04-18T10:56:23.954Z","event":"HTTP_REQUEST","data":{"method":"GET","url":"/api/bootstrap?brand=taxichat","ip":"::1"}}
{"timestamp":"2026-04-18T10:56:24.214Z","event":"HTTP_REQUEST","data":{"method":"POST","url":"/pusher/auth","ip":"::1"}}
{"timestamp":"2026-04-18T10:56:24.215Z","event":"PUSHER_AUTH","data":{"channel":"private-user-uxyjndw3","socketId":"3145.4147773"}}
{"timestamp":"2026-04-18T10:56:32.044Z","event":"HTTP_REQUEST","data":{"method":"GET","url":"/views/dashboard.html","ip":"::1"}}
{"timestamp":"2026-04-18T10:56:32.158Z","event":"HTTP_REQUEST","data":{"method":"GET","url":"/core/core.js","ip":"::1"}}
{"timestamp":"2026-04-18T10:56:32.207Z","event":"HTTP_REQUEST","data":{"method":"GET","url":"/core/core.js","ip":"::1"}}
{"timestamp":"2026-04-18T10:56:32.259Z","event":"HTTP_REQUEST","data":{"method":"GET","url":"/api/bootstrap?brand=taxichat","ip":"::1"}}
{"timestamp":"2026-04-18T10:56:32.956Z","event":"HTTP_REQUEST","data":{"method":"POST","url":"/pusher/auth","ip":"::1"}}
{"timestamp":"2026-04-18T10:56:32.956Z","event":"PUSHER_AUTH","data":{"channel":"private-admin","socketId":"3149.4179112"}}
{"timestamp":"2026-04-18T10:56:40.050Z","event":"HTTP_REQUEST","data":{"method":"POST","url":"/api/nuevo-pedido","ip":"::1"}}
{"timestamp":"2026-04-18T10:56:40.051Z","event":"PEDIDO_NUEVO","data":{"userId":"uxyjndw3","brand":"taxichat","nombre":"Luis","origen":"Ubicación actual (-32.8663, -68.8259)","destino":"El Challao, Mendoza Province, Argentina","id":"0050","timestamp":"7:56:40"}}
{"timestamp":"2026-04-18T10:56:42.905Z","event":"HTTP_REQUEST","data":{"method":"GET","url":"/views/dashboard.html","ip":"::1"}}
{"timestamp":"2026-04-18T10:56:42.940Z","event":"HTTP_REQUEST","data":{"method":"GET","url":"/core/core.js","ip":"::1"}}
{"timestamp":"2026-04-18T10:56:42.957Z","event":"HTTP_REQUEST","data":{"method":"GET","url":"/core/core.js","ip":"::1"}}
{"timestamp":"2026-04-18T10:56:42.958Z","event":"HTTP_REQUEST","data":{"method":"GET","url":"/api/bootstrap?brand=taxichat","ip":"::1"}}
{"timestamp":"2026-04-18T10:56:43.215Z","event":"HTTP_REQUEST","data":{"method":"POST","url":"/pusher/auth","ip":"::1"}}
{"timestamp":"2026-04-18T10:56:43.215Z","event":"PUSHER_AUTH","data":{"channel":"private-admin","socketId":"3142.4050744"}}
{"timestamp":"2026-04-18T10:56:44.123Z","event":"HTTP_REQUEST","data":{"method":"GET","url":"/views/dashboard.html","ip":"::1"}}
{"timestamp":"2026-04-18T10:56:44.155Z","event":"HTTP_REQUEST","data":{"method":"GET","url":"/core/core.js","ip":"::1"}}
{"timestamp":"2026-04-18T10:56:44.180Z","event":"HTTP_REQUEST","data":{"method":"GET","url":"/api/bootstrap?brand=taxichat","ip":"::1"}}
{"timestamp":"2026-04-18T10:56:44.185Z","event":"HTTP_REQUEST","data":{"method":"GET","url":"/core/core.js","ip":"::1"}}
{"timestamp":"2026-04-18T10:56:44.429Z","event":"HTTP_REQUEST","data":{"method":"POST","url":"/pusher/auth","ip":"::1"}}
{"timestamp":"2026-04-18T10:56:44.430Z","event":"PUSHER_AUTH","data":{"channel":"private-admin","socketId":"3142.4050751"}}
{"timestamp":"2026-04-18T10:56:44.443Z","event":"HTTP_REQUEST","data":{"method":"GET","url":"/views/dashboard.html","ip":"::1"}}
{"timestamp":"2026-04-18T10:56:44.477Z","event":"HTTP_REQUEST","data":{"method":"GET","url":"/core/core.js","ip":"::1"}}
{"timestamp":"2026-04-18T10:56:44.486Z","event":"HTTP_REQUEST","data":{"method":"GET","url":"/api/bootstrap?brand=taxichat","ip":"::1"}}
{"timestamp":"2026-04-18T10:56:44.690Z","event":"HTTP_REQUEST","data":{"method":"GET","url":"/core/core.js","ip":"::1"}}
{"timestamp":"2026-04-18T10:56:44.722Z","event":"HTTP_REQUEST","data":{"method":"POST","url":"/pusher/auth","ip":"::1"}}
{"timestamp":"2026-04-18T10:56:44.722Z","event":"PUSHER_AUTH","data":{"channel":"private-admin","socketId":"3147.4100717"}}
{"timestamp":"2026-04-18T21:37:56.637Z","event":"HTTP_REQUEST","data":{"method":"GET","url":"/","ip":"::1"}}
{"timestamp":"2026-04-18T21:38:18.393Z","event":"HTTP_REQUEST","data":{"method":"GET","url":"/","ip":"::1"}}
{"timestamp":"2026-04-18T21:38:22.135Z","event":"HTTP_REQUEST","data":{"method":"GET","url":"/views/widget.html","ip":"::1"}}
{"timestamp":"2026-04-18T21:38:22.197Z","event":"HTTP_REQUEST","data":{"method":"GET","url":"/core/core.js","ip":"::1"}}
{"timestamp":"2026-04-18T21:38:22.232Z","event":"HTTP_REQUEST","data":{"method":"GET","url":"/api/bootstrap?brand=taxichat","ip":"::1"}}
{"timestamp":"2026-04-18T21:38:22.239Z","event":"HTTP_REQUEST","data":{"method":"GET","url":"/core/core.js","ip":"::1"}}
{"timestamp":"2026-04-18T21:38:22.602Z","event":"HTTP_REQUEST","data":{"method":"POST","url":"/pusher/auth","ip":"::1"}}
{"timestamp":"2026-04-18T21:38:22.602Z","event":"PUSHER_AUTH","data":{"channel":"private-user-uxyjndw3","socketId":"3142.4481962"}}
{"timestamp":"2026-04-18T21:38:23.311Z","event":"HTTP_REQUEST","data":{"method":"GET","url":"/favicon.ico","ip":"::1"}}
{"timestamp":"2026-04-18T21:38:29.134Z","event":"HTTP_REQUEST","data":{"method":"POST","url":"/api/nuevo-pedido","ip":"::1"}}
{"timestamp":"2026-04-18T21:38:29.169Z","event":"PEDIDO_NUEVO","data":{"userId":"uxyjndw3","brand":"taxichat","nombre":"Luis","origen":"Ubicación actual (-32.8663, -68.8259)","destino":"El Challao, Mendoza Province, Argentina","id":"9135","timestamp":"18:38:29"}}
{"timestamp":"2026-04-18T21:39:28.887Z","event":"HTTP_REQUEST","data":{"method":"GET","url":"/views/dashboard.html","ip":"::1"}}
{"timestamp":"2026-04-18T21:39:28.952Z","event":"HTTP_REQUEST","data":{"method":"GET","url":"/core/core.js","ip":"::1"}}
{"timestamp":"2026-04-18T21:39:28.998Z","event":"HTTP_REQUEST","data":{"method":"GET","url":"/api/bootstrap?brand=taxichat","ip":"::1"}}
{"timestamp":"2026-04-18T21:39:29.001Z","event":"HTTP_REQUEST","data":{"method":"GET","url":"/core/core.js","ip":"::1"}}
{"timestamp":"2026-04-18T21:39:29.690Z","event":"HTTP_REQUEST","data":{"method":"POST","url":"/pusher/auth","ip":"::1"}}
{"timestamp":"2026-04-18T21:39:29.691Z","event":"PUSHER_AUTH","data":{"channel":"private-admin","socketId":"3147.4535949"}}
{"timestamp":"2026-04-18T21:39:37.040Z","event":"HTTP_REQUEST","data":{"method":"POST","url":"/api/cancelar-pedido","ip":"::1"}}
{"timestamp":"2026-04-18T21:39:37.041Z","event":"PEDIDO_CANCELADO","data":{"userId":"uxyjndw3"}}
{"timestamp":"2026-04-18T21:39:45.527Z","event":"HTTP_REQUEST","data":{"method":"GET","url":"/views/widget.html","ip":"::1"}}
{"timestamp":"2026-04-18T21:39:45.583Z","event":"HTTP_REQUEST","data":{"method":"GET","url":"/core/core.js","ip":"::1"}}
{"timestamp":"2026-04-18T21:39:45.608Z","event":"HTTP_REQUEST","data":{"method":"GET","url":"/core/core.js","ip":"::1"}}
{"timestamp":"2026-04-18T21:39:45.609Z","event":"HTTP_REQUEST","data":{"method":"GET","url":"/api/bootstrap?brand=taxichat","ip":"::1"}}
{"timestamp":"2026-04-18T21:39:45.915Z","event":"HTTP_REQUEST","data":{"method":"POST","url":"/pusher/auth","ip":"::1"}}
{"timestamp":"2026-04-18T21:39:45.916Z","event":"PUSHER_AUTH","data":{"channel":"private-user-uxyjndw3","socketId":"3143.4539167"}}
{"timestamp":"2026-04-18T21:39:53.724Z","event":"HTTP_REQUEST","data":{"method":"POST","url":"/api/nuevo-pedido","ip":"::1"}}
{"timestamp":"2026-04-18T21:39:53.725Z","event":"PEDIDO_NUEVO","data":{"userId":"uxyjndw3","brand":"taxichat","nombre":"Luis","origen":"Ubicación actual (-32.8663, -68.8259)","destino":"Los Corralitos, Mendoza Province, Argentina","id":"3725","timestamp":"18:39:53"}}
{"timestamp":"2026-04-18T21:42:17.879Z","event":"HTTP_REQUEST","data":{"method":"GET","url":"/views/dashboard.html","ip":"::1"}}
{"timestamp":"2026-04-18T21:42:17.931Z","event":"HTTP_REQUEST","data":{"method":"GET","url":"/core/core.js","ip":"::1"}}
{"timestamp":"2026-04-18T21:42:17.956Z","event":"HTTP_REQUEST","data":{"method":"GET","url":"/core/core.js","ip":"::1"}}
{"timestamp":"2026-04-18T21:42:17.973Z","event":"HTTP_REQUEST","data":{"method":"GET","url":"/api/bootstrap?brand=taxichat","ip":"::1"}}
{"timestamp":"2026-04-18T21:42:18.330Z","event":"HTTP_REQUEST","data":{"method":"POST","url":"/pusher/auth","ip":"::1"}}
{"timestamp":"2026-04-18T21:42:18.331Z","event":"PUSHER_AUTH","data":{"channel":"private-admin","socketId":"3145.4579528"}}
{"timestamp":"2026-04-18T21:42:21.538Z","event":"HTTP_REQUEST","data":{"method":"POST","url":"/api/cancelar-pedido","ip":"::1"}}
{"timestamp":"2026-04-18T21:42:21.539Z","event":"PEDIDO_CANCELADO","data":{"userId":"uxyjndw3"}}
{"timestamp":"2026-04-18T21:42:24.033Z","event":"HTTP_REQUEST","data":{"method":"GET","url":"/views/widget.html","ip":"::1"}}
{"timestamp":"2026-04-18T21:42:24.074Z","event":"HTTP_REQUEST","data":{"method":"GET","url":"/core/core.js","ip":"::1"}}
{"timestamp":"2026-04-18T21:42:24.095Z","event":"HTTP_REQUEST","data":{"method":"GET","url":"/core/core.js","ip":"::1"}}
{"timestamp":"2026-04-18T21:42:24.099Z","event":"HTTP_REQUEST","data":{"method":"GET","url":"/api/bootstrap?brand=taxichat","ip":"::1"}}
{"timestamp":"2026-04-18T21:42:24.379Z","event":"HTTP_REQUEST","data":{"method":"POST","url":"/pusher/auth","ip":"::1"}}
{"timestamp":"2026-04-18T21:42:24.379Z","event":"PUSHER_AUTH","data":{"channel":"private-user-uxyjndw3","socketId":"3149.4615723"}}
{"timestamp":"2026-04-18T21:42:28.899Z","event":"HTTP_REQUEST","data":{"method":"POST","url":"/api/nuevo-pedido","ip":"::1"}}
{"timestamp":"2026-04-18T21:42:28.924Z","event":"PEDIDO_NUEVO","data":{"userId":"uxyjndw3","brand":"taxichat","nombre":"Luis","origen":"Ubicación actual (-32.8663, -68.8259)","destino":"San José, Mendoza Province, Argentina","id":"8900","timestamp":"18:42:28","targetChannel":"private-admin-taxichat"}}
{"timestamp":"2026-04-18T22:08:32.983Z","event":"HTTP_REQUEST","data":{"method":"GET","url":"/.well-known/appspecific/com.chrome.devtools.json","ip":"::1"}}
{"timestamp":"2026-04-18T22:09:09.668Z","event":"HTTP_REQUEST","data":{"method":"GET","url":"/views/succes.html","ip":"::1"}}
{"timestamp":"2026-04-18T22:13:40.494Z","event":"HTTP_REQUEST","data":{"method":"POST","url":"/api/asignar-taxi","ip":"::1"}}
{"timestamp":"2026-04-18T22:13:40.495Z","event":"TAXI_ASIGNADO","data":{"userId":"ukmavfdi","chofer":"lorenzo","tiempo":"10"}}
{"timestamp":"2026-04-18T22:13:53.155Z","event":"HTTP_REQUEST","data":{"method":"POST","url":"/create-preference","ip":"::1"}}
{"timestamp":"2026-04-18T22:13:55.465Z","event":"HTTP_REQUEST","data":{"method":"POST","url":"/create-preference","ip":"::1"}}
{"timestamp":"2026-04-18T22:53:53.298Z","event":"HTTP_REQUEST","data":{"method":"GET","url":"/views/succes.html","ip":"::1"}}
{"timestamp":"2026-04-18T22:54:19.336Z","event":"HTTP_REQUEST","data":{"method":"GET","url":"/views/widget.html","ip":"::1"}}
{"timestamp":"2026-04-18T22:54:19.389Z","event":"HTTP_REQUEST","data":{"method":"GET","url":"/core/core.js","ip":"::1"}}
{"timestamp":"2026-04-18T22:54:19.434Z","event":"HTTP_REQUEST","data":{"method":"GET","url":"/api/bootstrap?brand=taxichat","ip":"::1"}}
{"timestamp":"2026-04-18T22:54:20.069Z","event":"HTTP_REQUEST","data":{"method":"GET","url":"/core/core.js","ip":"::1"}}
{"timestamp":"2026-04-18T22:54:20.128Z","event":"HTTP_REQUEST","data":{"method":"POST","url":"/pusher/auth","ip":"::1"}}
{"timestamp":"2026-04-18T22:54:20.129Z","event":"PUSHER_AUTH","data":{"channel":"private-user-uxyjndw3","socketId":"3149.4660549"}}
{"timestamp":"2026-04-18T22:54:29.868Z","event":"HTTP_REQUEST","data":{"method":"POST","url":"/api/nuevo-pedido","ip":"::1"}}
{"timestamp":"2026-04-18T22:54:29.893Z","event":"PEDIDO_NUEVO","data":{"userId":"uxyjndw3","brand":"taxichat","nombre":"Luis","origen":"12 de Octubre 16, M5500 Las Heras, Mendoza, Argentina","destino":"El Challao, Mendoza Province, Argentina","id":"9868","timestamp":"19:54:29","targetChannel":"private-admin-taxichat"}}
{"timestamp":"2026-04-18T22:54:35.792Z","event":"HTTP_REQUEST","data":{"method":"GET","url":"/views/dashboard.html","ip":"::1"}}
{"timestamp":"2026-04-18T22:54:35.831Z","event":"HTTP_REQUEST","data":{"method":"GET","url":"/core/core.js","ip":"::1"}}
{"timestamp":"2026-04-18T22:54:35.841Z","event":"HTTP_REQUEST","data":{"method":"GET","url":"/core/core.js","ip":"::1"}}
{"timestamp":"2026-04-18T22:54:35.882Z","event":"HTTP_REQUEST","data":{"method":"GET","url":"/api/bootstrap?brand=taxichat","ip":"::1"}}
{"timestamp":"2026-04-18T22:54:36.490Z","event":"HTTP_REQUEST","data":{"method":"POST","url":"/pusher/auth","ip":"::1"}}
{"timestamp":"2026-04-18T22:54:36.491Z","event":"PUSHER_AUTH","data":{"channel":"private-admin","socketId":"3143.4586270"}}
{"timestamp":"2026-04-18T22:55:26.813Z","event":"HTTP_REQUEST","data":{"method":"POST","url":"/api/cancelar-pedido","ip":"::1"}}
{"timestamp":"2026-04-18T22:55:26.814Z","event":"PEDIDO_CANCELADO","data":{"userId":"uxyjndw3"}}
{"timestamp":"2026-04-18T22:55:28.863Z","event":"HTTP_REQUEST","data":{"method":"GET","url":"/views/widget.html","ip":"::1"}}
{"timestamp":"2026-04-18T22:55:28.898Z","event":"HTTP_REQUEST","data":{"method":"GET","url":"/core/core.js","ip":"::1"}}
{"timestamp":"2026-04-18T22:55:28.919Z","event":"HTTP_REQUEST","data":{"method":"GET","url":"/api/bootstrap?brand=taxichat","ip":"::1"}}
{"timestamp":"2026-04-18T22:55:28.987Z","event":"HTTP_REQUEST","data":{"method":"GET","url":"/core/core.js","ip":"::1"}}
{"timestamp":"2026-04-18T22:55:29.224Z","event":"HTTP_REQUEST","data":{"method":"POST","url":"/pusher/auth","ip":"::1"}}
{"timestamp":"2026-04-18T22:55:29.225Z","event":"PUSHER_AUTH","data":{"channel":"private-user-uxyjndw3","socketId":"3147.4585456"}}
{"timestamp":"2026-04-18T22:55:33.962Z","event":"HTTP_REQUEST","data":{"method":"POST","url":"/api/nuevo-pedido","ip":"::1"}}
{"timestamp":"2026-04-18T22:55:33.963Z","event":"PEDIDO_NUEVO","data":{"userId":"uxyjndw3","brand":"taxichat","nombre":"Luis","origen":"12 de Octubre 16, M5500 Las Heras, Mendoza, Argentina","destino":"El Challao, Mendoza Province, Argentina","id":"3963","timestamp":"19:55:33","targetChannel":"private-admin-taxichat"}}
{"timestamp":"2026-04-18T22:57:11.851Z","event":"HTTP_REQUEST","data":{"method":"GET","url":"/views/dashboard.html","ip":"::1"}}
{"timestamp":"2026-04-18T22:57:11.916Z","event":"HTTP_REQUEST","data":{"method":"GET","url":"/core/core.js","ip":"::1"}}
{"timestamp":"2026-04-18T22:57:11.937Z","event":"HTTP_REQUEST","data":{"method":"GET","url":"/api/bootstrap?brand=taxichat","ip":"::1"}}
{"timestamp":"2026-04-18T22:57:12.023Z","event":"HTTP_REQUEST","data":{"method":"GET","url":"/core/core.js","ip":"::1"}}
{"timestamp":"2026-04-18T22:57:12.310Z","event":"HTTP_REQUEST","data":{"method":"POST","url":"/pusher/auth","ip":"::1"}}
{"timestamp":"2026-04-18T22:57:12.310Z","event":"PUSHER_AUTH","data":{"channel":"private-admin","socketId":"3145.4626948"}}
{"timestamp":"2026-04-18T22:57:19.023Z","event":"HTTP_REQUEST","data":{"method":"POST","url":"/api/cancelar-pedido","ip":"::1"}}
{"timestamp":"2026-04-18T22:57:19.023Z","event":"PEDIDO_CANCELADO","data":{"userId":"uxyjndw3"}}
{"timestamp":"2026-04-18T22:57:21.255Z","event":"HTTP_REQUEST","data":{"method":"GET","url":"/views/widget.html","ip":"::1"}}
{"timestamp":"2026-04-18T22:57:21.298Z","event":"HTTP_REQUEST","data":{"method":"GET","url":"/core/core.js","ip":"::1"}}
{"timestamp":"2026-04-18T22:57:21.311Z","event":"HTTP_REQUEST","data":{"method":"GET","url":"/core/core.js","ip":"::1"}}
{"timestamp":"2026-04-18T22:57:21.444Z","event":"HTTP_REQUEST","data":{"method":"GET","url":"/api/bootstrap?brand=taxichat","ip":"::1"}}
{"timestamp":"2026-04-18T22:57:21.745Z","event":"HTTP_REQUEST","data":{"method":"POST","url":"/pusher/auth","ip":"::1"}}
{"timestamp":"2026-04-18T22:57:21.745Z","event":"PUSHER_AUTH","data":{"channel":"private-user-uxyjndw3","socketId":"3143.4587982"}}
{"timestamp":"2026-04-18T22:57:28.025Z","event":"HTTP_REQUEST","data":{"method":"POST","url":"/api/nuevo-pedido","ip":"::1"}}
{"timestamp":"2026-04-18T22:57:28.026Z","event":"PEDIDO_NUEVO","data":{"userId":"uxyjndw3","brand":"taxichat","nombre":"Luis","origen":"12 de Octubre 16, M5500 Las Heras, Mendoza, Argentina","destino":"Espacio Verde Luis Menotti Pescarmona, Balcarce, Godoy Cruz, Mendoza Province, Argentina","id":"8026","timestamp":"19:57:28","targetChannel":"private-admin-taxichat"}}
{"timestamp":"2026-04-19T00:22:03.031Z","event":"HTTP_REQUEST","data":{"method":"GET","url":"/views/taxis-mendoza.html","ip":"::1"}}
{"timestamp":"2026-04-19T00:22:03.091Z","event":"HTTP_REQUEST","data":{"method":"GET","url":"/core/core.js","ip":"::1"}}
{"timestamp":"2026-04-19T00:22:03.126Z","event":"HTTP_REQUEST","data":{"method":"GET","url":"/core/core.js","ip":"::1"}}
{"timestamp":"2026-04-19T00:22:03.155Z","event":"HTTP_REQUEST","data":{"method":"GET","url":"/api/bootstrap?brand=taxichat","ip":"::1"}}
{"timestamp":"2026-04-19T00:22:03.159Z","event":"HTTP_REQUEST","data":{"method":"GET","url":"/views/widget.html","ip":"::1"}}
{"timestamp":"2026-04-19T00:22:03.562Z","event":"HTTP_REQUEST","data":{"method":"GET","url":"/core/core.js","ip":"::1"}}
{"timestamp":"2026-04-19T00:22:03.685Z","event":"HTTP_REQUEST","data":{"method":"GET","url":"/api/bootstrap?brand=taxichat","ip":"::1"}}
{"timestamp":"2026-04-19T00:22:04.460Z","event":"HTTP_REQUEST","data":{"method":"POST","url":"/pusher/auth","ip":"::1"}}
{"timestamp":"2026-04-19T00:22:04.460Z","event":"PUSHER_AUTH","data":{"channel":"private-user-uxyjndw3","socketId":"3143.4640352"}}
{"timestamp":"2026-04-19T00:24:49.023Z","event":"HTTP_REQUEST","data":{"method":"GET","url":"/views/remises-mendoza.html","ip":"::1"}}
{"timestamp":"2026-04-19T00:24:49.076Z","event":"HTTP_REQUEST","data":{"method":"GET","url":"/views/widget.html","ip":"::1"}}
{"timestamp":"2026-04-19T00:24:49.077Z","event":"HTTP_REQUEST","data":{"method":"GET","url":"/core/core.js","ip":"::1"}}
{"timestamp":"2026-04-19T00:24:49.170Z","event":"HTTP_REQUEST","data":{"method":"GET","url":"/core/core.js","ip":"::1"}}
{"timestamp":"2026-04-19T00:24:49.171Z","event":"HTTP_REQUEST","data":{"method":"GET","url":"/api/bootstrap?brand=taxichat","ip":"::1"}}
{"timestamp":"2026-04-19T00:24:49.191Z","event":"HTTP_REQUEST","data":{"method":"GET","url":"/core/core.js","ip":"::1"}}
{"timestamp":"2026-04-19T00:24:49.305Z","event":"HTTP_REQUEST","data":{"method":"GET","url":"/api/bootstrap?brand=taxichat","ip":"::1"}}
{"timestamp":"2026-04-19T00:24:49.568Z","event":"HTTP_REQUEST","data":{"method":"POST","url":"/pusher/auth","ip":"::1"}}
{"timestamp":"2026-04-19T00:24:49.568Z","event":"PUSHER_AUTH","data":{"channel":"private-user-uxyjndw3","socketId":"3143.4641744"}}
{"timestamp":"2026-04-19T00:26:32.456Z","event":"HTTP_REQUEST","data":{"method":"POST","url":"/api/cancelar-pedido","ip":"::1"}}
{"timestamp":"2026-04-19T00:26:32.458Z","event":"PEDIDO_CANCELADO","data":{"userId":"uxyjndw3"}}
{"timestamp":"2026-04-19T06:40:38.566Z","event":"HTTP_REQUEST","data":{"method":"GET","url":"/","ip":"::1"}}
{"timestamp":"2026-04-19T06:41:05.781Z","event":"HTTP_REQUEST","data":{"method":"GET","url":"/","ip":"::1"}}
{"timestamp":"2026-04-19T06:41:08.896Z","event":"HTTP_REQUEST","data":{"method":"GET","url":"/views/widget.html","ip":"::1"}}
{"timestamp":"2026-04-19T06:41:08.978Z","event":"HTTP_REQUEST","data":{"method":"GET","url":"/core/core.js","ip":"::1"}}
{"timestamp":"2026-04-19T06:41:09.009Z","event":"HTTP_REQUEST","data":{"method":"GET","url":"/core/core.js","ip":"::1"}}
{"timestamp":"2026-04-19T06:41:09.032Z","event":"HTTP_REQUEST","data":{"method":"GET","url":"/api/bootstrap?brand=taxichat","ip":"::1"}}
{"timestamp":"2026-04-19T06:41:09.507Z","event":"HTTP_REQUEST","data":{"method":"POST","url":"/pusher/auth","ip":"::1"}}
{"timestamp":"2026-04-19T06:41:09.507Z","event":"PUSHER_AUTH","data":{"channel":"private-user-uxyjndw3","socketId":"3147.4794135"}}
{"timestamp":"2026-04-19T06:41:09.829Z","event":"HTTP_REQUEST","data":{"method":"GET","url":"/favicon.ico","ip":"::1"}}
{"timestamp":"2026-04-19T06:41:32.891Z","event":"HTTP_REQUEST","data":{"method":"GET","url":"/views/private-admin-taxichat.html","ip":"::1"}}
{"timestamp":"2026-04-19T06:41:53.102Z","event":"HTTP_REQUEST","data":{"method":"GET","url":"/views/dashboard.html","ip":"::1"}}
{"timestamp":"2026-04-19T06:41:53.167Z","event":"HTTP_REQUEST","data":{"method":"GET","url":"/core/core.js","ip":"::1"}}
{"timestamp":"2026-04-19T06:41:53.196Z","event":"HTTP_REQUEST","data":{"method":"GET","url":"/core/core.js","ip":"::1"}}
{"timestamp":"2026-04-19T06:41:53.198Z","event":"HTTP_REQUEST","data":{"method":"GET","url":"/api/bootstrap?brand=taxichat","ip":"::1"}}
{"timestamp":"2026-04-19T06:41:53.526Z","event":"HTTP_REQUEST","data":{"method":"POST","url":"/pusher/auth","ip":"::1"}}
{"timestamp":"2026-04-19T06:41:53.527Z","event":"PUSHER_AUTH","data":{"channel":"private-admin-taxichat","socketId":"3145.4830768"}}
{"timestamp":"2026-04-19T06:42:00.735Z","event":"HTTP_REQUEST","data":{"method":"POST","url":"/api/nuevo-pedido","ip":"::1"}}
{"timestamp":"2026-04-19T06:42:00.758Z","event":"PEDIDO_NUEVO","data":{"userId":"uxyjndw3","brand":"taxichat","nombre":"Luis","origen":"12 de Octubre 16, M5500 Las Heras, Mendoza, Argentina","destino":"El Challao, Mendoza Province, Argentina","id":"0735","timestamp":"3:42:00","targetChannel":"private-admin-taxichat"}}
{"timestamp":"2026-04-19T06:42:09.954Z","event":"HTTP_REQUEST","data":{"method":"POST","url":"/api/cancelar-pedido","ip":"::1"}}
{"timestamp":"2026-04-19T06:42:09.954Z","event":"PEDIDO_CANCELADO","data":{"userId":"uxyjndw3"}}
{"timestamp":"2026-04-19T06:42:11.780Z","event":"HTTP_REQUEST","data":{"method":"GET","url":"/views/widget.html","ip":"::1"}}
{"timestamp":"2026-04-19T06:42:11.925Z","event":"HTTP_REQUEST","data":{"method":"GET","url":"/core/core.js","ip":"::1"}}
{"timestamp":"2026-04-19T06:42:11.961Z","event":"HTTP_REQUEST","data":{"method":"GET","url":"/core/core.js","ip":"::1"}}
{"timestamp":"2026-04-19T06:42:11.985Z","event":"HTTP_REQUEST","data":{"method":"GET","url":"/api/bootstrap?brand=taxichat","ip":"::1"}}
{"timestamp":"2026-04-19T06:42:12.365Z","event":"HTTP_REQUEST","data":{"method":"POST","url":"/pusher/auth","ip":"::1"}}
{"timestamp":"2026-04-19T06:42:12.366Z","event":"PUSHER_AUTH","data":{"channel":"private-user-uxyjndw3","socketId":"3145.4830851"}}
{"timestamp":"2026-04-19T06:42:18.462Z","event":"HTTP_REQUEST","data":{"method":"POST","url":"/api/nuevo-pedido","ip":"::1"}}
{"timestamp":"2026-04-19T06:42:18.462Z","event":"PEDIDO_NUEVO","data":{"userId":"uxyjndw3","brand":"taxichat","nombre":"Luis","origen":"12 de Octubre 16, M5500 Las Heras, Mendoza, Argentina","destino":"EEA INTA Mendoza, Luján de Cuyo, Mendoza Province, Argentina","id":"8462","timestamp":"3:42:18","targetChannel":"private-admin-taxichat"}}
{"timestamp":"2026-04-19T06:42:21.671Z","event":"HTTP_REQUEST","data":{"method":"GET","url":"/.well-known/appspecific/com.chrome.devtools.json","ip":"::1"}}
{"timestamp":"2026-04-19T06:43:53.847Z","event":"HTTP_REQUEST","data":{"method":"GET","url":"/views/widget.html","ip":"::1"}}
{"timestamp":"2026-04-19T06:43:53.973Z","event":"HTTP_REQUEST","data":{"method":"GET","url":"/.well-known/appspecific/com.chrome.devtools.json","ip":"::1"}}
{"timestamp":"2026-04-19T06:43:54.013Z","event":"HTTP_REQUEST","data":{"method":"GET","url":"/core/core.js","ip":"::1"}}
{"timestamp":"2026-04-19T06:43:54.195Z","event":"HTTP_REQUEST","data":{"method":"GET","url":"/api/bootstrap?brand=taxichat","ip":"::1"}}
{"timestamp":"2026-04-19T06:43:54.513Z","event":"HTTP_REQUEST","data":{"method":"GET","url":"/core/core.js","ip":"::1"}}
{"timestamp":"2026-04-19T06:43:55.842Z","event":"HTTP_REQUEST","data":{"method":"POST","url":"/pusher/auth","ip":"::1"}}
{"timestamp":"2026-04-19T06:43:55.843Z","event":"PUSHER_AUTH","data":{"channel":"private-user-uxyjndw3","socketId":"3147.4795017"}}
{"timestamp":"2026-04-19T06:44:17.672Z","event":"HTTP_REQUEST","data":{"method":"GET","url":"/views/widget.html","ip":"::1"}}
{"timestamp":"2026-04-19T06:44:17.797Z","event":"HTTP_REQUEST","data":{"method":"GET","url":"/.well-known/appspecific/com.chrome.devtools.json","ip":"::1"}}
{"timestamp":"2026-04-19T06:44:17.808Z","event":"HTTP_REQUEST","data":{"method":"GET","url":"/core/core.js","ip":"::1"}}
{"timestamp":"2026-04-19T06:44:17.864Z","event":"HTTP_REQUEST","data":{"method":"GET","url":"/core/core.js","ip":"::1"}}
{"timestamp":"2026-04-19T06:44:18.012Z","event":"HTTP_REQUEST","data":{"method":"GET","url":"/api/bootstrap?brand=taxichat","ip":"::1"}}
{"timestamp":"2026-04-19T06:44:19.043Z","event":"HTTP_REQUEST","data":{"method":"POST","url":"/pusher/auth","ip":"::1"}}
{"timestamp":"2026-04-19T06:44:19.044Z","event":"PUSHER_AUTH","data":{"channel":"private-user-uxyjndw3","socketId":"3142.4735456"}}
{"timestamp":"2026-04-19T06:45:52.513Z","event":"HTTP_REQUEST","data":{"method":"GET","url":"/views/widget.html","ip":"::1"}}
{"timestamp":"2026-04-19T06:45:52.576Z","event":"HTTP_REQUEST","data":{"method":"GET","url":"/.well-known/appspecific/com.chrome.devtools.json","ip":"::1"}}
{"timestamp":"2026-04-19T06:45:52.613Z","event":"HTTP_REQUEST","data":{"method":"GET","url":"/core/core.js","ip":"::1"}}
{"timestamp":"2026-04-19T06:45:52.650Z","event":"HTTP_REQUEST","data":{"method":"GET","url":"/core/core.js","ip":"::1"}}
{"timestamp":"2026-04-19T06:45:52.772Z","event":"HTTP_REQUEST","data":{"method":"GET","url":"/api/bootstrap?brand=taxichat","ip":"::1"}}
{"timestamp":"2026-04-19T06:45:57.583Z","event":"HTTP_REQUEST","data":{"method":"POST","url":"/pusher/auth","ip":"::1"}}
{"timestamp":"2026-04-19T06:45:57.583Z","event":"PUSHER_AUTH","data":{"channel":"private-user-uxyjndw3","socketId":"3072.23246994"}}
{"timestamp":"2026-04-19T06:46:00.373Z","event":"HTTP_REQUEST","data":{"method":"POST","url":"/api/cancelar-pedido","ip":"::1"}}
{"timestamp":"2026-04-19T06:46:00.373Z","event":"PEDIDO_CANCELADO","data":{"userId":"uxyjndw3"}}
{"timestamp":"2026-04-19T06:51:15.074Z","event":"HTTP_REQUEST","data":{"method":"GET","url":"/views/dashboard.html","ip":"::1"}}
{"timestamp":"2026-04-19T06:51:15.171Z","event":"HTTP_REQUEST","data":{"method":"GET","url":"/core/core.js","ip":"::1"}}
{"timestamp":"2026-04-19T06:51:15.216Z","event":"HTTP_REQUEST","data":{"method":"GET","url":"/core/core.js","ip":"::1"}}
{"timestamp":"2026-04-19T06:51:15.254Z","event":"HTTP_REQUEST","data":{"method":"GET","url":"/api/bootstrap?brand=taxichat","ip":"::1"}}
{"timestamp":"2026-04-19T06:51:15.975Z","event":"HTTP_REQUEST","data":{"method":"POST","url":"/pusher/auth","ip":"::1"}}
{"timestamp":"2026-04-19T06:51:15.980Z","event":"PUSHER_AUTH","data":{"channel":"private-admin-taxichat","socketId":"3071.22216352"}}
{"timestamp":"2026-04-19T06:51:21.431Z","event":"HTTP_REQUEST","data":{"method":"GET","url":"/views/widget.html","ip":"::1"}}
{"timestamp":"2026-04-19T06:51:21.522Z","event":"HTTP_REQUEST","data":{"method":"GET","url":"/.well-known/appspecific/com.chrome.devtools.json","ip":"::1"}}
{"timestamp":"2026-04-19T06:51:21.540Z","event":"HTTP_REQUEST","data":{"method":"GET","url":"/core/core.js","ip":"::1"}}
{"timestamp":"2026-04-19T06:51:21.740Z","event":"HTTP_REQUEST","data":{"method":"GET","url":"/api/bootstrap?brand=taxichat","ip":"::1"}}
{"timestamp":"2026-04-19T06:51:21.845Z","event":"HTTP_REQUEST","data":{"method":"GET","url":"/core/core.js","ip":"::1"}}
{"timestamp":"2026-04-19T06:51:22.832Z","event":"HTTP_REQUEST","data":{"method":"POST","url":"/pusher/auth","ip":"::1"}}
{"timestamp":"2026-04-19T06:51:22.833Z","event":"PUSHER_AUTH","data":{"channel":"private-user-uxyjndw3","socketId":"3072.23248555"}}
{"timestamp":"2026-04-19T06:51:33.878Z","event":"HTTP_REQUEST","data":{"method":"POST","url":"/api/nuevo-pedido","ip":"::1"}}
{"timestamp":"2026-04-19T06:51:33.901Z","event":"PEDIDO_NUEVO","data":{"userId":"uxyjndw3","brand":"taxichat","nombre":"Luis","origen":"12 de Octubre 16, M5500 Las Heras, Mendoza, Argentina","destino":"El Challao, Mendoza Province, Argentina","id":"3879","timestamp":"3:51:33","targetChannel":"private-admin-taxichat"}}
{"timestamp":"2026-04-19T06:52:54.975Z","event":"HTTP_REQUEST","data":{"method":"POST","url":"/api/cancelar-pedido","ip":"::1"}}
{"timestamp":"2026-04-19T06:52:54.976Z","event":"PEDIDO_CANCELADO","data":{"userId":"uxyjndw3"}}
{"timestamp":"2026-04-19T06:53:09.095Z","event":"HTTP_REQUEST","data":{"method":"POST","url":"/create-preference","ip":"::1"}}
{"timestamp":"2026-04-19T06:53:10.986Z","event":"HTTP_REQUEST","data":{"method":"POST","url":"/api/asignar-taxi","ip":"::1"}}
{"timestamp":"2026-04-19T06:53:10.986Z","event":"TAXI_ASIGNADO","data":{"userId":"uxyjndw3","chofer":"LUIS","tiempo":"15"}}
{"timestamp":"2026-04-19T06:54:45.623Z","event":"HTTP_REQUEST","data":{"method":"GET","url":"/views/dashboard.html","ip":"::1"}}
{"timestamp":"2026-04-19T06:54:45.752Z","event":"HTTP_REQUEST","data":{"method":"GET","url":"/core/core.js","ip":"::1"}}
{"timestamp":"2026-04-19T06:54:45.828Z","event":"HTTP_REQUEST","data":{"method":"GET","url":"/core/core.js","ip":"::1"}}
{"timestamp":"2026-04-19T06:54:45.841Z","event":"HTTP_REQUEST","data":{"method":"GET","url":"/api/bootstrap?brand=taxichat","ip":"::1"}}
{"timestamp":"2026-04-19T06:54:46.132Z","event":"HTTP_REQUEST","data":{"method":"GET","url":"/favicon.ico","ip":"::1"}}
{"timestamp":"2026-04-19T06:54:46.253Z","event":"HTTP_REQUEST","data":{"method":"POST","url":"/pusher/auth","ip":"::1"}}
{"timestamp":"2026-04-19T06:54:46.254Z","event":"PUSHER_AUTH","data":{"channel":"private-admin-taxichat","socketId":"3069.23258655"}}
{"timestamp":"2026-04-19T06:55:26.076Z","event":"HTTP_REQUEST","data":{"method":"GET","url":"/views/widget.html","ip":"::1"}}
{"timestamp":"2026-04-19T06:55:26.217Z","event":"HTTP_REQUEST","data":{"method":"GET","url":"/core/core.js","ip":"::1"}}
{"timestamp":"2026-04-19T06:55:26.318Z","event":"HTTP_REQUEST","data":{"method":"GET","url":"/api/bootstrap?brand=taxichat","ip":"::1"}}
{"timestamp":"2026-04-19T06:55:27.587Z","event":"HTTP_REQUEST","data":{"method":"POST","url":"/pusher/auth","ip":"::1"}}
{"timestamp":"2026-04-19T06:55:27.587Z","event":"PUSHER_AUTH","data":{"channel":"private-user-uxyjndw3","socketId":"3071.22217555"}}
{"timestamp":"2026-04-19T06:55:27.729Z","event":"HTTP_REQUEST","data":{"method":"GET","url":"/core/core.js","ip":"::1"}}
{"timestamp":"2026-04-19T06:55:31.198Z","event":"HTTP_REQUEST","data":{"method":"POST","url":"/api/cancelar-pedido","ip":"::1"}}
{"timestamp":"2026-04-19T06:55:31.199Z","event":"PEDIDO_CANCELADO","data":{"userId":"uxyjndw3"}}
{"timestamp":"2026-04-19T07:02:30.073Z","event":"HTTP_REQUEST","data":{"method":"GET","url":"/views/widget.html","ip":"::1"}}
{"timestamp":"2026-04-19T07:02:30.141Z","event":"HTTP_REQUEST","data":{"method":"GET","url":"/core/core.js","ip":"::1"}}
{"timestamp":"2026-04-19T07:02:30.163Z","event":"HTTP_REQUEST","data":{"method":"GET","url":"/core/core.js","ip":"::1"}}
{"timestamp":"2026-04-19T07:02:30.237Z","event":"HTTP_REQUEST","data":{"method":"GET","url":"/api/bootstrap?brand=taxichat","ip":"::1"}}
{"timestamp":"2026-04-19T07:02:31.023Z","event":"HTTP_REQUEST","data":{"method":"POST","url":"/pusher/auth","ip":"::1"}}
{"timestamp":"2026-04-19T07:02:31.023Z","event":"PUSHER_AUTH","data":{"channel":"private-user-uxyjndw3","socketId":"3068.21023083"}}
{"timestamp":"2026-04-19T07:03:22.655Z","event":"HTTP_REQUEST","data":{"method":"GET","url":"/views/widget.html","ip":"::1"}}
{"timestamp":"2026-04-19T07:03:22.725Z","event":"HTTP_REQUEST","data":{"method":"GET","url":"/core/core.js","ip":"::1"}}
{"timestamp":"2026-04-19T07:03:22.747Z","event":"HTTP_REQUEST","data":{"method":"GET","url":"/core/core.js","ip":"::1"}}
{"timestamp":"2026-04-19T07:03:22.748Z","event":"HTTP_REQUEST","data":{"method":"GET","url":"/api/bootstrap?brand=taxichat","ip":"::1"}}
{"timestamp":"2026-04-19T07:03:23.035Z","event":"HTTP_REQUEST","data":{"method":"POST","url":"/pusher/auth","ip":"::1"}}
{"timestamp":"2026-04-19T07:03:23.035Z","event":"PUSHER_AUTH","data":{"channel":"private-user-uxyjndw3","socketId":"3072.23251999"}}
{"timestamp":"2026-04-19T07:03:25.130Z","event":"HTTP_REQUEST","data":{"method":"GET","url":"/views/widget.html","ip":"::1"}}
{"timestamp":"2026-04-19T07:03:25.202Z","event":"HTTP_REQUEST","data":{"method":"GET","url":"/core/core.js","ip":"::1"}}
{"timestamp":"2026-04-19T07:03:25.358Z","event":"HTTP_REQUEST","data":{"method":"GET","url":"/api/bootstrap?brand=taxichat","ip":"::1"}}
{"timestamp":"2026-04-19T07:03:25.578Z","event":"HTTP_REQUEST","data":{"method":"GET","url":"/core/core.js","ip":"::1"}}
{"timestamp":"2026-04-19T07:03:25.581Z","event":"HTTP_REQUEST","data":{"method":"POST","url":"/pusher/auth","ip":"::1"}}
{"timestamp":"2026-04-19T07:03:25.581Z","event":"PUSHER_AUTH","data":{"channel":"private-user-uxyjndw3","socketId":"3070.21007288"}}
{"timestamp":"2026-04-19T07:03:26.945Z","event":"HTTP_REQUEST","data":{"method":"GET","url":"/favicon.ico","ip":"::1"}}
{"timestamp":"2026-04-19T07:03:37.267Z","event":"HTTP_REQUEST","data":{"method":"GET","url":"/views/dashboard.html","ip":"::1"}}
{"timestamp":"2026-04-19T07:03:37.329Z","event":"HTTP_REQUEST","data":{"method":"GET","url":"/core/core.js","ip":"::1"}}
{"timestamp":"2026-04-19T07:03:37.342Z","event":"HTTP_REQUEST","data":{"method":"GET","url":"/core/core.js","ip":"::1"}}
{"timestamp":"2026-04-19T07:03:37.934Z","event":"HTTP_REQUEST","data":{"method":"GET","url":"/api/bootstrap?brand=taxichat","ip":"::1"}}
{"timestamp":"2026-04-19T07:03:38.500Z","event":"HTTP_REQUEST","data":{"method":"POST","url":"/pusher/auth","ip":"::1"}}
{"timestamp":"2026-04-19T07:03:38.500Z","event":"PUSHER_AUTH","data":{"channel":"private-admin-taxichat","socketId":"3069.23261177"}}
{"timestamp":"2026-04-19T07:04:03.460Z","event":"HTTP_REQUEST","data":{"method":"GET","url":"/views/widget.html","ip":"::1"}}
{"timestamp":"2026-04-19T07:04:03.556Z","event":"HTTP_REQUEST","data":{"method":"GET","url":"/core/core.js","ip":"::1"}}
{"timestamp":"2026-04-19T07:04:03.596Z","event":"HTTP_REQUEST","data":{"method":"GET","url":"/core/core.js","ip":"::1"}}
{"timestamp":"2026-04-19T07:04:03.597Z","event":"HTTP_REQUEST","data":{"method":"GET","url":"/api/bootstrap?brand=taxichat","ip":"::1"}}
{"timestamp":"2026-04-19T07:04:03.939Z","event":"HTTP_REQUEST","data":{"method":"POST","url":"/pusher/auth","ip":"::1"}}
{"timestamp":"2026-04-19T07:04:03.939Z","event":"PUSHER_AUTH","data":{"channel":"private-user-uxyjndw3","socketId":"3072.23252202"}}
{"timestamp":"2026-04-19T07:04:05.733Z","event":"HTTP_REQUEST","data":{"method":"GET","url":"/views/widget.html","ip":"::1"}}
{"timestamp":"2026-04-19T07:04:05.824Z","event":"HTTP_REQUEST","data":{"method":"GET","url":"/core/core.js","ip":"::1"}}
{"timestamp":"2026-04-19T07:04:05.984Z","event":"HTTP_REQUEST","data":{"method":"GET","url":"/api/bootstrap?brand=taxichat","ip":"::1"}}
{"timestamp":"2026-04-19T07:04:06.167Z","event":"HTTP_REQUEST","data":{"method":"GET","url":"/core/core.js","ip":"::1"}}
{"timestamp":"2026-04-19T07:04:06.375Z","event":"HTTP_REQUEST","data":{"method":"POST","url":"/pusher/auth","ip":"::1"}}
{"timestamp":"2026-04-19T07:04:06.376Z","event":"PUSHER_AUTH","data":{"channel":"private-user-uxyjndw3","socketId":"3069.23261319"}}
{"timestamp":"2026-04-19T07:04:07.462Z","event":"HTTP_REQUEST","data":{"method":"GET","url":"/favicon.ico","ip":"::1"}}
{"timestamp":"2026-04-19T07:07:27.474Z","event":"HTTP_REQUEST","data":{"method":"GET","url":"/views/widget.html","ip":"::1"}}
{"timestamp":"2026-04-19T07:07:27.557Z","event":"HTTP_REQUEST","data":{"method":"GET","url":"/core/core.js","ip":"::1"}}
{"timestamp":"2026-04-19T07:07:27.606Z","event":"HTTP_REQUEST","data":{"method":"GET","url":"/api/bootstrap?brand=taxichat","ip":"::1"}}
{"timestamp":"2026-04-19T07:07:27.615Z","event":"HTTP_REQUEST","data":{"method":"GET","url":"/core/core.js","ip":"::1"}}
{"timestamp":"2026-04-19T07:07:27.906Z","event":"HTTP_REQUEST","data":{"method":"POST","url":"/pusher/auth","ip":"::1"}}
{"timestamp":"2026-04-19T07:07:27.906Z","event":"PUSHER_AUTH","data":{"channel":"private-user-uxyjndw3","socketId":"3068.21024662"}}
{"timestamp":"2026-04-19T07:07:30.252Z","event":"HTTP_REQUEST","data":{"method":"GET","url":"/views/widget.html","ip":"::1"}}
{"timestamp":"2026-04-19T07:07:30.465Z","event":"HTTP_REQUEST","data":{"method":"GET","url":"/core/core.js","ip":"::1"}}
{"timestamp":"2026-04-19T07:07:30.578Z","event":"HTTP_REQUEST","data":{"method":"GET","url":"/core/core.js","ip":"::1"}}
{"timestamp":"2026-04-19T07:07:30.580Z","event":"HTTP_REQUEST","data":{"method":"GET","url":"/api/bootstrap?brand=taxichat","ip":"::1"}}
{"timestamp":"2026-04-19T07:07:30.889Z","event":"HTTP_REQUEST","data":{"method":"POST","url":"/pusher/auth","ip":"::1"}}
{"timestamp":"2026-04-19T07:07:30.889Z","event":"PUSHER_AUTH","data":{"channel":"private-user-uxyjndw3","socketId":"3072.23253348"}}
{"timestamp":"2026-04-19T07:07:32.065Z","event":"HTTP_REQUEST","data":{"method":"GET","url":"/favicon.ico","ip":"::1"}}
{"timestamp":"2026-04-19T07:07:34.668Z","event":"HTTP_REQUEST","data":{"method":"GET","url":"/views/dashboard.html","ip":"::1"}}
{"timestamp":"2026-04-19T07:07:34.717Z","event":"HTTP_REQUEST","data":{"method":"GET","url":"/core/ui-library.js","ip":"::1"}}
{"timestamp":"2026-04-19T07:07:34.721Z","event":"HTTP_REQUEST","data":{"method":"GET","url":"/core/core.js","ip":"::1"}}
{"timestamp":"2026-04-19T07:07:34.882Z","event":"HTTP_REQUEST","data":{"method":"GET","url":"/core/ui-library.js","ip":"::1"}}
{"timestamp":"2026-04-19T07:07:34.884Z","event":"HTTP_REQUEST","data":{"method":"GET","url":"/core/core.js","ip":"::1"}}
{"timestamp":"2026-04-19T07:07:35.616Z","event":"HTTP_REQUEST","data":{"method":"GET","url":"/api/bootstrap?brand=taxichat","ip":"::1"}}
{"timestamp":"2026-04-19T07:07:36.187Z","event":"HTTP_REQUEST","data":{"method":"POST","url":"/pusher/auth","ip":"::1"}}
{"timestamp":"2026-04-19T07:07:36.187Z","event":"PUSHER_AUTH","data":{"channel":"private-admin-taxichat","socketId":"3068.21024706"}}
{"timestamp":"2026-04-19T07:07:36.665Z","event":"HTTP_REQUEST","data":{"method":"GET","url":"/favicon.ico","ip":"::1"}}
{"timestamp":"2026-04-19T07:09:50.283Z","event":"HTTP_REQUEST","data":{"method":"GET","url":"/views/widget.html","ip":"::1"}}
{"timestamp":"2026-04-19T07:09:50.372Z","event":"HTTP_REQUEST","data":{"method":"GET","url":"/core/core.js","ip":"::1"}}
{"timestamp":"2026-04-19T07:09:50.406Z","event":"HTTP_REQUEST","data":{"method":"GET","url":"/core/core.js","ip":"::1"}}
{"timestamp":"2026-04-19T07:09:50.416Z","event":"HTTP_REQUEST","data":{"method":"GET","url":"/api/bootstrap?brand=taxichat","ip":"::1"}}
{"timestamp":"2026-04-19T07:09:50.695Z","event":"HTTP_REQUEST","data":{"method":"POST","url":"/pusher/auth","ip":"::1"}}
{"timestamp":"2026-04-19T07:09:50.696Z","event":"PUSHER_AUTH","data":{"channel":"private-user-uxyjndw3","socketId":"3070.21009392"}}
{"timestamp":"2026-04-19T07:10:07.829Z","event":"HTTP_REQUEST","data":{"method":"GET","url":"/views/widget.html","ip":"::1"}}
{"timestamp":"2026-04-19T07:10:07.879Z","event":"HTTP_REQUEST","data":{"method":"GET","url":"/core/core.js","ip":"::1"}}
{"timestamp":"2026-04-19T07:10:07.903Z","event":"HTTP_REQUEST","data":{"method":"GET","url":"/core/core.js","ip":"::1"}}
{"timestamp":"2026-04-19T07:10:07.906Z","event":"HTTP_REQUEST","data":{"method":"GET","url":"/api/bootstrap?brand=taxichat","ip":"::1"}}
{"timestamp":"2026-04-19T07:10:08.209Z","event":"HTTP_REQUEST","data":{"method":"POST","url":"/pusher/auth","ip":"::1"}}
{"timestamp":"2026-04-19T07:10:08.209Z","event":"PUSHER_AUTH","data":{"channel":"private-user-uxyjndw3","socketId":"3071.22222038"}}
{"timestamp":"2026-04-19T07:10:10.382Z","event":"HTTP_REQUEST","data":{"method":"GET","url":"/views/widget.html","ip":"::1"}}
{"timestamp":"2026-04-19T07:10:10.456Z","event":"HTTP_REQUEST","data":{"method":"GET","url":"/core/core.js","ip":"::1"}}
{"timestamp":"2026-04-19T07:10:10.609Z","event":"HTTP_REQUEST","data":{"method":"GET","url":"/api/bootstrap?brand=taxichat","ip":"::1"}}
{"timestamp":"2026-04-19T07:10:10.841Z","event":"HTTP_REQUEST","data":{"method":"GET","url":"/core/core.js","ip":"::1"}}
{"timestamp":"2026-04-19T07:10:10.848Z","event":"HTTP_REQUEST","data":{"method":"POST","url":"/pusher/auth","ip":"::1"}}
{"timestamp":"2026-04-19T07:10:10.849Z","event":"PUSHER_AUTH","data":{"channel":"private-user-uxyjndw3","socketId":"3069.23263334"}}
{"timestamp":"2026-04-19T07:10:11.994Z","event":"HTTP_REQUEST","data":{"method":"GET","url":"/favicon.ico","ip":"::1"}}
{"timestamp":"2026-04-19T07:10:14.757Z","event":"HTTP_REQUEST","data":{"method":"GET","url":"/views/dashboard.html","ip":"::1"}}
{"timestamp":"2026-04-19T07:10:14.812Z","event":"HTTP_REQUEST","data":{"method":"GET","url":"/core/ui-library.js","ip":"::1"}}
{"timestamp":"2026-04-19T07:10:14.822Z","event":"HTTP_REQUEST","data":{"method":"GET","url":"/core/core.js","ip":"::1"}}
{"timestamp":"2026-04-19T07:10:14.842Z","event":"HTTP_REQUEST","data":{"method":"GET","url":"/core/ui-library.js","ip":"::1"}}
{"timestamp":"2026-04-19T07:10:14.850Z","event":"HTTP_REQUEST","data":{"method":"GET","url":"/core/core.js","ip":"::1"}}
{"timestamp":"2026-04-19T07:10:15.146Z","event":"HTTP_REQUEST","data":{"method":"GET","url":"/api/bootstrap?brand=taxichat","ip":"::1"}}
{"timestamp":"2026-04-19T07:10:15.721Z","event":"HTTP_REQUEST","data":{"method":"POST","url":"/pusher/auth","ip":"::1"}}
{"timestamp":"2026-04-19T07:10:15.721Z","event":"PUSHER_AUTH","data":{"channel":"private-admin-taxichat","socketId":"3068.21025586"}}
{"timestamp":"2026-04-19T07:10:54.302Z","event":"HTTP_REQUEST","data":{"method":"GET","url":"/views/dashboard.html","ip":"::1"}}
{"timestamp":"2026-04-19T07:10:54.413Z","event":"HTTP_REQUEST","data":{"method":"GET","url":"/core/ui-library.js","ip":"::1"}}
{"timestamp":"2026-04-19T07:10:54.413Z","event":"HTTP_REQUEST","data":{"method":"GET","url":"/core/core.js","ip":"::1"}}
{"timestamp":"2026-04-19T07:10:54.446Z","event":"HTTP_REQUEST","data":{"method":"GET","url":"/core/ui-library.js","ip":"::1"}}
{"timestamp":"2026-04-19T07:10:54.447Z","event":"HTTP_REQUEST","data":{"method":"GET","url":"/core/core.js","ip":"::1"}}
{"timestamp":"2026-04-19T07:10:55.295Z","event":"HTTP_REQUEST","data":{"method":"GET","url":"/api/bootstrap?brand=taxichat","ip":"::1"}}
{"timestamp":"2026-04-19T07:10:55.592Z","event":"HTTP_REQUEST","data":{"method":"POST","url":"/pusher/auth","ip":"::1"}}
{"timestamp":"2026-04-19T07:10:55.593Z","event":"PUSHER_AUTH","data":{"channel":"private-admin-taxichat","socketId":"3070.21009754"}}
{"timestamp":"2026-04-19T07:10:56.133Z","event":"HTTP_REQUEST","data":{"method":"GET","url":"/favicon.ico","ip":"::1"}}
{"timestamp":"2026-04-19T07:12:45.076Z","event":"HTTP_REQUEST","data":{"method":"GET","url":"/views/dashboard.html","ip":"::1"}}
{"timestamp":"2026-04-19T07:12:45.143Z","event":"HTTP_REQUEST","data":{"method":"GET","url":"/core/ui-library.js","ip":"::1"}}
{"timestamp":"2026-04-19T07:12:45.152Z","event":"HTTP_REQUEST","data":{"method":"GET","url":"/core/core.js","ip":"::1"}}
{"timestamp":"2026-04-19T07:12:45.193Z","event":"HTTP_REQUEST","data":{"method":"GET","url":"/core/ui-library.js","ip":"::1"}}
{"timestamp":"2026-04-19T07:12:45.195Z","event":"HTTP_REQUEST","data":{"method":"GET","url":"/core/core.js","ip":"::1"}}
{"timestamp":"2026-04-19T07:12:45.427Z","event":"HTTP_REQUEST","data":{"method":"GET","url":"/api/bootstrap?brand=taxichat","ip":"::1"}}
{"timestamp":"2026-04-19T07:12:45.772Z","event":"HTTP_REQUEST","data":{"method":"POST","url":"/pusher/auth","ip":"::1"}}
{"timestamp":"2026-04-19T07:12:45.772Z","event":"PUSHER_AUTH","data":{"channel":"private-admin-taxichat","socketId":"3070.21010362"}}
{"timestamp":"2026-04-19T07:18:22.969Z","event":"HTTP_REQUEST","data":{"method":"POST","url":"/api/nuevo-pedido","ip":"::1"}}
{"timestamp":"2026-04-19T07:18:22.992Z","event":"PEDIDO_NUEVO","data":{"userId":"uxyjndw3","brand":"taxichat","nombre":"Luis","origen":"12 de Octubre 16, M5500 Las Heras, Mendoza, Argentina","destino":"Plaza Independencia, General Espejo, AVJ, Mendoza Province, Argentina","id":"2969","timestamp":"4:18:22","targetChannel":"private-admin-taxichat"}}
{"timestamp":"2026-04-19T07:47:32.427Z","event":"HTTP_REQUEST","data":{"method":"POST","url":"/pusher/auth","ip":"::1"}}
{"timestamp":"2026-04-19T07:47:32.427Z","event":"PUSHER_AUTH","data":{"channel":"private-user-uxyjndw3","socketId":"3142.4753360"}}
{"timestamp":"2026-04-19T07:47:32.593Z","event":"HTTP_REQUEST","data":{"method":"POST","url":"/pusher/auth","ip":"::1"}}
{"timestamp":"2026-04-19T07:47:32.593Z","event":"PUSHER_AUTH","data":{"channel":"private-admin-taxichat","socketId":"3145.4849238"}}
{"timestamp":"2026-04-20T20:56:41.664Z","event":"HTTP_REQUEST","data":{"method":"GET","url":"/client.html?slug=default","ip":"::1"}}
{"timestamp":"2026-04-20T20:56:43.565Z","event":"HTTP_REQUEST","data":{"method":"GET","url":"/client.html","ip":"::1"}}
{"timestamp":"2026-04-20T20:56:45.833Z","event":"HTTP_REQUEST","data":{"method":"GET","url":"/","ip":"::1"}}
{"timestamp":"2026-04-20T20:56:53.657Z","event":"HTTP_REQUEST","data":{"method":"GET","url":"/index","ip":"::1"}}
{"timestamp":"2026-04-20T20:56:57.300Z","event":"HTTP_REQUEST","data":{"method":"GET","url":"/whatsapp-client.html","ip":"::1"}}
{"timestamp":"2026-04-21T21:09:20.253Z","event":"HTTP_REQUEST","data":{"method":"GET","url":"/socket.io/socket.io.js","ip":"::1"}}
{"timestamp":"2026-04-21T21:09:43.137Z","event":"HTTP_REQUEST","data":{"method":"GET","url":"/socket.io/socket.io.js","ip":"::1"}}
